[2025-03-01 02:00:00.013 +00:00] [INF] [87] Emby.Server.Implementations.ScheduledTasks.TaskManager: "Extract Chapter Images" Completed after 0 minute(s) and 0 seconds
[2025-03-01 02:00:01.004 +00:00] [INF] [60] Emby.Server.Implementations.ScheduledTasks.TaskManager: Daily trigger for "Extract Chapter Images" set to fire at 2025-03-02 02:00:00.000 +00:00, which is 23:59:58.9953305 from now.
[2025-03-01 03:00:00.005 +00:00] [INF] [65] Emby.Server.Implementations.ScheduledTasks.TaskManager: "Generate Trickplay Images" Completed after 0 minute(s) and 0 seconds
[2025-03-01 03:00:01.001 +00:00] [INF] [72] Emby.Server.Implementations.ScheduledTasks.TaskManager: Daily trigger for "Generate Trickplay Images" set to fire at 2025-03-02 03:00:00.000 +00:00, which is 23:59:58.9986178 from now.
[2025-03-01 10:19:28.525 +00:00] [INF] [31] Emby.Server.Implementations.IO.LibraryMonitor: Stopping directory watching for path "/data/tvshows"
[2025-03-01 10:19:28.525 +00:00] [INF] [31] Emby.Server.Implementations.IO.LibraryMonitor: Stopping directory watching for path "/data/movies"
[2025-03-01 10:19:28.525 +00:00] [INF] [31] Emby.Server.Implementations.Library.LibraryManager: Validating media library
[2025-03-01 10:19:28.526 +00:00] [INF] [74] Emby.Server.Implementations.ScheduledTasks.TaskManager: "Media Segment Scan" Completed after 0 minute(s) and 0 seconds
[2025-03-01 10:19:28.585 +00:00] [WRN] [31] MediaBrowser.Controller.Entities.BaseItem: Library folder "/config/data/data/playlists" is inaccessible or empty, skipping
[2025-03-01 10:19:28.591 +00:00] [WRN] [48] MediaBrowser.Controller.Entities.BaseItem: Library folder "/config/data/data/playlists" is inaccessible or empty, skipping
[2025-03-01 10:19:38.836 +00:00] [INF] [96] Emby.Server.Implementations.ScheduledTasks.TaskManager: "Scan Media Library" Completed after 0 minute(s) and 10 seconds
[2025-03-01 10:19:38.896 +00:00] [INF] [34] Emby.Server.Implementations.IO.LibraryMonitor: Watching directory "/data/tvshows"
[2025-03-01 10:19:38.897 +00:00] [INF] [79] Emby.Server.Implementations.IO.LibraryMonitor: Watching directory "/data/movies"
[2025-03-01 14:55:38.355 +00:00] [INF] [34] Jellyfin.Api.Helpers.MediaInfoHelper: User policy for "Elijah". EnablePlaybackRemuxing: True EnableVideoPlaybackTranscoding: True EnableAudioPlaybackTranscoding: True
[2025-03-01 14:55:38.429 +00:00] [INF] [55] Emby.Server.Implementations.Session.SessionManager: Playback stopped reported by app "Swiftfin iPadOS" "1.2" playing "Scooby-Doo". Stopped at "0" ms
[2025-03-01 14:56:29.108 +00:00] [INF] [40] Emby.Server.Implementations.Session.SessionManager: Playback stopped reported by app "Swiftfin iPadOS" "1.2" playing "Scooby-Doo". Stopped at "5194000" ms
[2025-03-01 14:56:29.226 +00:00] [INF] [34] Emby.Server.Implementations.Session.SessionManager: Playback stopped reported by app "Swiftfin iPadOS" "1.2" playing "Scooby-Doo". Stopped at "5194000" ms
[2025-03-01 14:57:19.973 +00:00] [INF] [86] Jellyfin.Api.Helpers.MediaInfoHelper: User policy for "Elijah". EnablePlaybackRemuxing: True EnableVideoPlaybackTranscoding: True EnableAudioPlaybackTranscoding: True
[2025-03-01 14:57:20.023 +00:00] [INF] [86] Emby.Server.Implementations.Session.SessionManager: Playback stopped reported by app "Swiftfin iPadOS" "1.2" playing "My Neighbor Totoro". Stopped at "0" ms
[2025-03-01 14:57:24.154 +00:00] [INF] [8] Emby.Server.Implementations.Session.SessionManager: Playback stopped reported by app "Swiftfin iPadOS" "1.2" playing "My Neighbor Totoro". Stopped at "0" ms
[2025-03-01 21:12:18.943 +00:00] [INF] [48] Emby.Server.Implementations.Session.SessionManager: Sending shutdown notifications
[2025-03-01 21:12:18.956 +00:00] [INF] [78] Jellyfin.Networking.PortForwardingHost: Stopping NAT discovery
[2025-03-01 21:12:18.965 +00:00] [INF] [80] Main: Running query planner optimizations in the database... This might take a while
[2025-03-01 21:12:18.986 +00:00] [INF] [65] Emby.Server.Implementations.IO.LibraryMonitor: Stopping directory watching for path "/data/tvshows"
[2025-03-01 21:12:18.986 +00:00] [INF] [65] Emby.Server.Implementations.IO.LibraryMonitor: Stopping directory watching for path "/data/movies"
[2025-03-01 21:12:18.992 +00:00] [INF] [80] Emby.Server.Implementations.ApplicationHost: Disposing "CoreAppHost"
[2025-03-01 21:12:18.992 +00:00] [INF] [80] Emby.Server.Implementations.ApplicationHost: Disposing "MusicBrainzArtistProvider"
[2025-03-01 21:12:18.992 +00:00] [INF] [80] Emby.Server.Implementations.ApplicationHost: Disposing "MusicBrainzAlbumProvider"
[2025-03-01 21:12:18.993 +00:00] [INF] [80] Emby.Server.Implementations.ApplicationHost: Disposing "PluginManager"
[2025-03-01 23:46:39.941 +00:00] [INF] [1] Main: Jellyfin version: "10.10.6"
[2025-03-01 23:46:39.957 +00:00] [INF] [1] Main: Environment Variables: ["[JELLYFIN_CONFIG_DIR, /config]", "[JELLYFIN_CACHE_DIR, /config/cache]", "[JELLYFIN_PublishedServerUrl, http://192.168.0.5]", "[JELLYFIN_DATA_DIR, /config/data]", "[JELLYFIN_LOG_DIR, /config/log]", "[JELLYFIN_WEB_DIR, /usr/share/jellyfin/web]"]
[2025-03-01 23:46:39.966 +00:00] [INF] [1] Main: Arguments: ["/usr/lib/jellyfin/bin/jellyfin.dll", "--ffmpeg=/usr/lib/jellyfin-ffmpeg/ffmpeg"]
[2025-03-01 23:46:39.966 +00:00] [INF] [1] Main: Operating system: "Ubuntu 24.04.2 LTS"
[2025-03-01 23:46:39.966 +00:00] [INF] [1] Main: Architecture: Arm64
[2025-03-01 23:46:39.967 +00:00] [INF] [1] Main: 64-Bit Process: True
[2025-03-01 23:46:39.968 +00:00] [INF] [1] Main: User Interactive: True
[2025-03-01 23:46:39.968 +00:00] [INF] [1] Main: Processor count: 10
[2025-03-01 23:46:39.968 +00:00] [INF] [1] Main: Program data path: "/config/data"
[2025-03-01 23:46:39.968 +00:00] [INF] [1] Main: Log directory path: "/config/log"
[2025-03-01 23:46:39.968 +00:00] [INF] [1] Main: Config directory path: "/config"
[2025-03-01 23:46:39.968 +00:00] [INF] [1] Main: Cache path: "/config/cache"
[2025-03-01 23:46:39.968 +00:00] [INF] [1] Main: Temp directory path: "/tmp/jellyfin"
[2025-03-01 23:46:39.968 +00:00] [INF] [1] Main: Web resources path: "/usr/share/jellyfin/web"
[2025-03-01 23:46:39.968 +00:00] [INF] [1] Main: Application directory: "/usr/lib/jellyfin/bin/"
[2025-03-01 23:46:40.252 +00:00] [INF] [1] Emby.Server.Implementations.AppBase.BaseConfigurationManager: Setting cache path: "/config/cache"
[2025-03-01 23:46:40.323 +00:00] [INF] [1] Emby.Server.Implementations.ApplicationHost: Loading assemblies
[2025-03-01 23:46:40.426 +00:00] [INF] [1] Jellyfin.Networking.Manager.NetworkManager: Defined LAN subnets: ["127.0.0.1/8", "10.0.0.0/8", "172.16.0.0/12", "192.168.0.0/16"]
[2025-03-01 23:46:40.426 +00:00] [INF] [1] Jellyfin.Networking.Manager.NetworkManager: Defined LAN exclusions: []
[2025-03-01 23:46:40.427 +00:00] [INF] [1] Jellyfin.Networking.Manager.NetworkManager: Used LAN subnets: ["127.0.0.1/8", "10.0.0.0/8", "172.16.0.0/12", "192.168.0.0/16"]
[2025-03-01 23:46:40.431 +00:00] [INF] [1] Jellyfin.Networking.Manager.NetworkManager: Filtered interface addresses: ["127.0.0.1", "10.10.18.8"]
[2025-03-01 23:46:40.432 +00:00] [INF] [1] Jellyfin.Networking.Manager.NetworkManager: Bind Addresses ["0.0.0.0"]
[2025-03-01 23:46:40.433 +00:00] [INF] [1] Jellyfin.Networking.Manager.NetworkManager: Remote IP filter is "Allowlist"
[2025-03-01 23:46:40.433 +00:00] [INF] [1] Jellyfin.Networking.Manager.NetworkManager: Filtered subnets: []
[2025-03-01 23:46:41.780 +00:00] [INF] [1] Emby.Server.Implementations.ApplicationHost: There are pending EFCore migrations in the database. Applying... (This may take a while, do not stop Jellyfin)
[2025-03-01 23:46:42.261 +00:00] [WRN] [1] Microsoft.EntityFrameworkCore.Migrations: An operation of type '"SqlOperation"' will be attempted while a rebuild of table '"ImageInfos"' is pending. The database may not be in an expected state. Review the SQL generated by this migration to help diagnose any failures. Consider moving these operations to a subsequent migration.
[2025-03-01 23:46:42.261 +00:00] [WRN] [1] Microsoft.EntityFrameworkCore.Migrations: An operation of type '"SqlOperation"' will be attempted while a rebuild of table '"ImageInfos"' is pending. The database may not be in an expected state. Review the SQL generated by this migration to help diagnose any failures. Consider moving these operations to a subsequent migration.
[2025-03-01 23:46:42.263 +00:00] [WRN] [1] Microsoft.EntityFrameworkCore.Migrations: An operation of type '"SqlOperation"' will be attempted while a rebuild of table '"Permissions"' is pending. The database may not be in an expected state. Review the SQL generated by this migration to help diagnose any failures. Consider moving these operations to a subsequent migration.
[2025-03-01 23:46:42.263 +00:00] [WRN] [1] Microsoft.EntityFrameworkCore.Migrations: An operation of type '"SqlOperation"' will be attempted while a rebuild of table '"Permissions"' is pending. The database may not be in an expected state. Review the SQL generated by this migration to help diagnose any failures. Consider moving these operations to a subsequent migration.
[2025-03-01 23:46:42.264 +00:00] [WRN] [1] Microsoft.EntityFrameworkCore.Migrations: An operation of type '"SqlOperation"' will be attempted while a rebuild of table '"Preferences"' is pending. The database may not be in an expected state. Review the SQL generated by this migration to help diagnose any failures. Consider moving these operations to a subsequent migration.
[2025-03-01 23:46:42.265 +00:00] [WRN] [1] Microsoft.EntityFrameworkCore.Migrations: An operation of type '"SqlOperation"' will be attempted while a rebuild of table '"Preferences"' is pending. The database may not be in an expected state. Review the SQL generated by this migration to help diagnose any failures. Consider moving these operations to a subsequent migration.
[2025-03-01 23:46:42.266 +00:00] [WRN] [1] Microsoft.EntityFrameworkCore.Migrations: An operation of type '"SqlOperation"' will be attempted while a rebuild of table '"Users"' is pending. The database may not be in an expected state. Review the SQL generated by this migration to help diagnose any failures. Consider moving these operations to a subsequent migration.
[2025-03-01 23:46:42.266 +00:00] [WRN] [1] Microsoft.EntityFrameworkCore.Migrations: An operation of type '"SqlOperation"' will be attempted while a rebuild of table '"Users"' is pending. The database may not be in an expected state. Review the SQL generated by this migration to help diagnose any failures. Consider moving these operations to a subsequent migration.
[2025-03-01 23:46:42.666 +00:00] [INF] [1] Emby.Server.Implementations.ApplicationHost: EFCore migrations applied successfully
[2025-03-01 23:46:43.306 +00:00] [INF] [1] Emby.Server.Implementations.Plugins.PluginManager: Loaded plugin: "TMDb" "10.10.6.0"
[2025-03-01 23:46:43.307 +00:00] [INF] [1] Emby.Server.Implementations.Plugins.PluginManager: Loaded plugin: "Studio Images" "10.10.6.0"
[2025-03-01 23:46:43.308 +00:00] [INF] [1] Emby.Server.Implementations.Plugins.PluginManager: Loaded plugin: "OMDb" "10.10.6.0"
[2025-03-01 23:46:43.337 +00:00] [INF] [1] Emby.Server.Implementations.Plugins.PluginManager: Loaded plugin: "MusicBrainz" "10.10.6.0"
[2025-03-01 23:46:43.337 +00:00] [INF] [1] Emby.Server.Implementations.Plugins.PluginManager: Loaded plugin: "AudioDB" "10.10.6.0"
[2025-03-01 23:46:43.492 +00:00] [INF] [1] Main: Kestrel is listening on "0.0.0.0"
[2025-03-01 23:46:44.315 +00:00] [WRN] [1] Microsoft.AspNetCore.StaticFiles.StaticFileMiddleware: The WebRootPath was not found: "/run/s6-rc:s6-rc-init:Epcnnl/servicedirs/svc-jellyfin/wwwroot". Static files may be unavailable.
[2025-03-01 23:46:44.413 +00:00] [INF] [1] Emby.Server.Implementations.ApplicationHost: Running startup tasks
[2025-03-01 23:46:44.462 +00:00] [INF] [1] Emby.Server.Implementations.ScheduledTasks.TaskManager: Daily trigger for "Generate Trickplay Images" set to fire at 2025-03-02 03:00:00.000 +00:00, which is 03:13:15.5375117 from now.
[2025-03-01 23:46:44.471 +00:00] [INF] [1] Emby.Server.Implementations.ScheduledTasks.TaskManager: Daily trigger for "Extract Chapter Images" set to fire at 2025-03-02 02:00:00.000 +00:00, which is 02:13:15.5284679 from now.
[2025-03-01 23:46:44.536 +00:00] [INF] [1] MediaBrowser.MediaEncoding.Encoder.MediaEncoder: Found ffmpeg version "7.0.2"
[2025-03-01 23:46:44.635 +00:00] [INF] [1] MediaBrowser.MediaEncoding.Encoder.MediaEncoder: Available "decoders": ["libdav1d", "av1", "av1_rkmpp", "h264", "h264_rkmpp", "hevc", "hevc_rkmpp", "mpeg1_rkmpp", "mpeg2video", "mpeg2_rkmpp", "mpeg4", "mpeg4_rkmpp", "msmpeg4", "vp8", "vp8_rkmpp", "libvpx", "vp9", "vp9_rkmpp", "libvpx-vp9", "aac", "ac3", "ac4", "dca", "flac", "mp3", "truehd"]
[2025-03-01 23:46:44.654 +00:00] [INF] [1] MediaBrowser.MediaEncoding.Encoder.MediaEncoder: Available "encoders": ["libsvtav1", "libx264", "h264_v4l2m2m", "h264_rkmpp", "libx265", "hevc_rkmpp", "mjpeg_rkmpp", "aac", "libfdk_aac", "ac3", "alac", "dca", "flac", "libmp3lame", "libopus", "truehd", "libvorbis", "srt"]
[2025-03-01 23:46:44.676 +00:00] [INF] [1] MediaBrowser.MediaEncoding.Encoder.MediaEncoder: Available filters: ["overlay_opencl", "overlay_rkrga", "scale_opencl", "scale_rkrga", "tonemapx", "tonemap_opencl", "transpose_opencl", "vpp_rkrga", "zscale", "alphasrc"]
[2025-03-01 23:46:44.693 +00:00] [WRN] [1] MediaBrowser.MediaEncoding.Encoder.MediaEncoder: Filter: "scale_cuda" with option "format" is not available
[2025-03-01 23:46:44.721 +00:00] [WRN] [1] MediaBrowser.MediaEncoding.Encoder.MediaEncoder: Filter: "tonemap_cuda" with option "GPU accelerated HDR to SDR tonemapping" is not available
[2025-03-01 23:46:45.429 +00:00] [WRN] [1] MediaBrowser.MediaEncoding.Encoder.MediaEncoder: Filter: "overlay_vaapi" with option "Action to take when encountering EOF from secondary input" is not available
[2025-03-01 23:46:45.450 +00:00] [WRN] [1] MediaBrowser.MediaEncoding.Encoder.MediaEncoder: Filter: "overlay_vulkan" with option "Action to take when encountering EOF from secondary input" is not available
[2025-03-01 23:46:45.551 +00:00] [INF] [1] MediaBrowser.MediaEncoding.Encoder.MediaEncoder: Available hwaccel types: ["drm", "opencl", "rkmpp"]
[2025-03-01 23:46:47.486 +00:00] [INF] [10] Emby.Server.Implementations.ScheduledTasks.TaskManager: "Clean Transcode Directory" Completed after 0 minute(s) and 0 seconds
[2025-03-01 23:46:47.487 +00:00] [INF] [11] Emby.Server.Implementations.ScheduledTasks.TaskManager: "Clean up collections and playlists" Completed after 0 minute(s) and 0 seconds
[2025-03-01 23:46:48.415 +00:00] [INF] [12] Emby.Server.Implementations.ScheduledTasks.TaskManager: "Update Plugins" Completed after 0 minute(s) and 0 seconds
[2025-03-01 23:46:59.018 +00:00] [INF] [1] MediaBrowser.MediaEncoding.Encoder.MediaEncoder: FFmpeg: "/usr/lib/jellyfin-ffmpeg/ffmpeg"
[2025-03-01 23:46:59.021 +00:00] [INF] [1] Emby.Server.Implementations.ApplicationHost: ServerId: "1263e046154a4036822e1f29700f0e5b"
[2025-03-01 23:46:59.022 +00:00] [INF] [1] Emby.Server.Implementations.ApplicationHost: Core startup complete
[2025-03-01 23:46:59.022 +00:00] [INF] [1] Main: Startup complete 0:00:20.3186667
[2025-03-01 23:47:11.096 +00:00] [INF] [15] Emby.Server.Implementations.Session.SessionManager: Sending shutdown notifications
[2025-03-01 23:47:11.113 +00:00] [INF] [12] Jellyfin.Networking.PortForwardingHost: Stopping NAT discovery
[2025-03-01 23:47:11.118 +00:00] [INF] [18] Main: Running query planner optimizations in the database... This might take a while
[2025-03-01 23:47:11.153 +00:00] [INF] [18] Emby.Server.Implementations.ApplicationHost: Disposing "CoreAppHost"
[2025-03-01 23:47:11.153 +00:00] [INF] [18] Emby.Server.Implementations.ApplicationHost: Disposing "MusicBrainzArtistProvider"
[2025-03-01 23:47:11.154 +00:00] [INF] [18] Emby.Server.Implementations.ApplicationHost: Disposing "MusicBrainzAlbumProvider"
[2025-03-01 23:47:11.154 +00:00] [INF] [18] Emby.Server.Implementations.ApplicationHost: Disposing "PluginManager"
