[2025-02-27 02:00:00.011 +00:00] [INF] [23] Emby.Server.Implementations.ScheduledTasks.TaskManager: "Extract Chapter Images" Completed after 0 minute(s) and 0 seconds
[2025-02-27 02:00:01.002 +00:00] [INF] [52] Emby.Server.Implementations.ScheduledTasks.TaskManager: Daily trigger for "Extract Chapter Images" set to fire at 2025-02-28 02:00:00.000 +00:00, which is 23:59:58.9977636 from now.
[2025-02-27 03:00:00.012 +00:00] [INF] [70] Emby.Server.Implementations.ScheduledTasks.TaskManager: "Generate Trickplay Images" Completed after 0 minute(s) and 0 seconds
[2025-02-27 03:00:01.004 +00:00] [INF] [42] Emby.Server.Implementations.ScheduledTasks.TaskManager: Daily trigger for "Generate Trickplay Images" set to fire at 2025-02-28 03:00:00.000 +00:00, which is 23:59:58.9957236 from now.
[2025-02-27 10:15:24.510 +00:00] [INF] [35] Emby.Server.Implementations.IO.LibraryMonitor: Stopping directory watching for path "/data/tvshows"
[2025-02-27 10:15:24.510 +00:00] [INF] [35] Emby.Server.Implementations.IO.LibraryMonitor: Stopping directory watching for path "/data/movies"
[2025-02-27 10:15:24.510 +00:00] [INF] [35] Emby.Server.Implementations.Library.LibraryManager: Validating media library
[2025-02-27 10:15:24.514 +00:00] [WRN] [35] MediaBrowser.Controller.Entities.BaseItem: Library folder "/config/data/data/playlists" is inaccessible or empty, skipping
[2025-02-27 10:15:24.517 +00:00] [INF] [78] Emby.Server.Implementations.ScheduledTasks.TaskManager: "Media Segment Scan" Completed after 0 minute(s) and 0 seconds
[2025-02-27 10:15:24.607 +00:00] [WRN] [84] MediaBrowser.Controller.Entities.BaseItem: Library folder "/config/data/data/playlists" is inaccessible or empty, skipping
[2025-02-27 10:15:35.312 +00:00] [INF] [78] Emby.Server.Implementations.ScheduledTasks.TaskManager: "Scan Media Library" Completed after 0 minute(s) and 10 seconds
[2025-02-27 10:15:35.344 +00:00] [INF] [27] Emby.Server.Implementations.IO.LibraryMonitor: Watching directory "/data/movies"
[2025-02-27 10:15:35.344 +00:00] [INF] [61] Emby.Server.Implementations.IO.LibraryMonitor: Watching directory "/data/tvshows"
[2025-02-27 22:11:20.500 +00:00] [INF] [35] Emby.Server.Implementations.ScheduledTasks.TaskManager: "Download missing subtitles" Completed after 0 minute(s) and 0 seconds
[2025-02-27 22:11:20.553 +00:00] [INF] [84] Emby.Server.Implementations.ScheduledTasks.TaskManager: "Download missing lyrics" Completed after 0 minute(s) and 0 seconds
[2025-02-27 22:11:20.615 +00:00] [INF] [17] Emby.Server.Implementations.ScheduledTasks.TaskManager: "Audio Normalization" Completed after 0 minute(s) and 0 seconds
[2025-02-27 22:11:20.664 +00:00] [INF] [78] Emby.Server.Implementations.ScheduledTasks.TaskManager: "Clean Log Directory" Completed after 0 minute(s) and 0 seconds
[2025-02-27 22:11:20.664 +00:00] [INF] [84] Emby.Server.Implementations.ScheduledTasks.TaskManager: "Clean Transcode Directory" Completed after 0 minute(s) and 0 seconds
[2025-02-27 22:11:20.711 +00:00] [INF] [84] Emby.Server.Implementations.ScheduledTasks.Tasks.OptimizeDatabaseTask: Optimizing and vacuuming jellyfin.db...
[2025-02-27 22:11:20.712 +00:00] [INF] [35] Emby.Server.Implementations.ScheduledTasks.TaskManager: "TasksRefreshChannels" Completed after 0 minute(s) and 0 seconds
[2025-02-27 22:11:20.764 +00:00] [INF] [84] Emby.Server.Implementations.ScheduledTasks.Tasks.OptimizeDatabaseTask: jellyfin.db optimized successfully!
[2025-02-27 22:11:20.764 +00:00] [INF] [84] Emby.Server.Implementations.ScheduledTasks.TaskManager: "Optimize database" Completed after 0 minute(s) and 0 seconds
[2025-02-27 22:11:20.821 +00:00] [INF] [65] Emby.Server.Implementations.ScheduledTasks.TaskManager: "Clean Cache Directory" Completed after 0 minute(s) and 0 seconds
[2025-02-27 22:11:23.712 +00:00] [INF] [17] Jellyfin.LiveTv.Guide.GuideManager: Refreshing guide with 7 days of guide data
[2025-02-27 22:11:23.713 +00:00] [INF] [17] Emby.Server.Implementations.ScheduledTasks.TaskManager: "Refresh Guide" Completed after 0 minute(s) and 3 seconds
[2025-02-27 22:13:00.768 +00:00] [INF] [17] Emby.Server.Implementations.ScheduledTasks.TaskManager: "Update Plugins" Cancelled after 1 minute(s) and 40 seconds
[2025-02-27 22:16:25.515 +00:00] [INF] [17] Emby.Server.Implementations.IO.LibraryMonitor: Stopping directory watching for path "/data/tvshows"
[2025-02-27 22:16:25.516 +00:00] [INF] [17] Emby.Server.Implementations.IO.LibraryMonitor: Stopping directory watching for path "/data/movies"
[2025-02-27 22:16:25.516 +00:00] [INF] [17] Emby.Server.Implementations.Library.LibraryManager: Validating media library
[2025-02-27 22:16:25.519 +00:00] [WRN] [17] MediaBrowser.Controller.Entities.BaseItem: Library folder "/config/data/data/playlists" is inaccessible or empty, skipping
[2025-02-27 22:16:25.523 +00:00] [INF] [77] Emby.Server.Implementations.ScheduledTasks.TaskManager: "Media Segment Scan" Completed after 0 minute(s) and 0 seconds
[2025-02-27 22:16:25.578 +00:00] [WRN] [50] MediaBrowser.Controller.Entities.BaseItem: Library folder "/config/data/data/playlists" is inaccessible or empty, skipping
[2025-02-27 22:16:35.793 +00:00] [INF] [40] Emby.Server.Implementations.ScheduledTasks.TaskManager: "Scan Media Library" Completed after 0 minute(s) and 10 seconds
[2025-02-27 22:16:35.847 +00:00] [INF] [75] Emby.Server.Implementations.IO.LibraryMonitor: Watching directory "/data/movies"
[2025-02-27 22:16:35.847 +00:00] [INF] [50] Emby.Server.Implementations.IO.LibraryMonitor: Watching directory "/data/tvshows"
