[2025-02-28 02:00:00.007 +00:00] [INF] [32] Emby.Server.Implementations.ScheduledTasks.TaskManager: "Extract Chapter Images" Completed after 0 minute(s) and 0 seconds
[2025-02-28 02:00:01.000 +00:00] [INF] [106] Emby.Server.Implementations.ScheduledTasks.TaskManager: Daily trigger for "Extract Chapter Images" set to fire at 2025-03-01 02:00:00.000 +00:00, which is 23:59:58.9998050 from now.
[2025-02-28 03:00:00.010 +00:00] [INF] [20] Emby.Server.Implementations.ScheduledTasks.TaskManager: "Generate Trickplay Images" Completed after 0 minute(s) and 0 seconds
[2025-02-28 03:00:01.004 +00:00] [INF] [10] Emby.Server.Implementations.ScheduledTasks.TaskManager: Daily trigger for "Generate Trickplay Images" set to fire at 2025-03-01 03:00:00.000 +00:00, which is 23:59:58.9959410 from now.
[2025-02-28 10:17:26.516 +00:00] [INF] [44] Emby.Server.Implementations.IO.LibraryMonitor: Stopping directory watching for path "/data/tvshows"
[2025-02-28 10:17:26.516 +00:00] [INF] [44] Emby.Server.Implementations.IO.LibraryMonitor: Stopping directory watching for path "/data/movies"
[2025-02-28 10:17:26.516 +00:00] [INF] [44] Emby.Server.Implementations.Library.LibraryManager: Validating media library
[2025-02-28 10:17:26.519 +00:00] [WRN] [44] MediaBrowser.Controller.Entities.BaseItem: Library folder "/config/data/data/playlists" is inaccessible or empty, skipping
[2025-02-28 10:17:26.521 +00:00] [INF] [25] Emby.Server.Implementations.ScheduledTasks.TaskManager: "Media Segment Scan" Completed after 0 minute(s) and 0 seconds
[2025-02-28 10:17:26.617 +00:00] [WRN] [44] MediaBrowser.Controller.Entities.BaseItem: Library folder "/config/data/data/playlists" is inaccessible or empty, skipping
[2025-02-28 10:17:36.480 +00:00] [INF] [44] Emby.Server.Implementations.ScheduledTasks.TaskManager: "Scan Media Library" Completed after 0 minute(s) and 9 seconds
[2025-02-28 10:17:36.513 +00:00] [INF] [39] Emby.Server.Implementations.IO.LibraryMonitor: Watching directory "/data/movies"
[2025-02-28 10:17:36.513 +00:00] [INF] [19] Emby.Server.Implementations.IO.LibraryMonitor: Watching directory "/data/tvshows"
[2025-02-28 21:25:56.266 +00:00] [INF] [73] Jellyfin.Api.Helpers.MediaInfoHelper: User policy for "Elijah". EnablePlaybackRemuxing: True EnableVideoPlaybackTranscoding: True EnableAudioPlaybackTranscoding: True
[2025-02-28 21:25:56.371 +00:00] [INF] [73] Emby.Server.Implementations.Session.SessionManager: Playback stopped reported by app "Swiftfin iPadOS" "1.2" playing "My Neighbor Totoro". Stopped at "0" ms
[2025-02-28 22:12:21.504 +00:00] [INF] [27] Emby.Server.Implementations.ScheduledTasks.TaskManager: "Download missing subtitles" Completed after 0 minute(s) and 0 seconds
[2025-02-28 22:12:21.573 +00:00] [INF] [81] Emby.Server.Implementations.ScheduledTasks.TaskManager: "Download missing lyrics" Completed after 0 minute(s) and 0 seconds
[2025-02-28 22:12:21.573 +00:00] [INF] [66] Emby.Server.Implementations.ScheduledTasks.TaskManager: "Audio Normalization" Completed after 0 minute(s) and 0 seconds
[2025-02-28 22:12:21.667 +00:00] [INF] [66] Emby.Server.Implementations.ScheduledTasks.TaskManager: "Clean Log Directory" Completed after 0 minute(s) and 0 seconds
[2025-02-28 22:12:21.667 +00:00] [INF] [81] Emby.Server.Implementations.ScheduledTasks.TaskManager: "Clean Transcode Directory" Completed after 0 minute(s) and 0 seconds
[2025-02-28 22:12:21.728 +00:00] [INF] [27] Emby.Server.Implementations.ScheduledTasks.Tasks.OptimizeDatabaseTask: Optimizing and vacuuming jellyfin.db...
[2025-02-28 22:12:21.729 +00:00] [INF] [66] Emby.Server.Implementations.ScheduledTasks.TaskManager: "TasksRefreshChannels" Completed after 0 minute(s) and 0 seconds
[2025-02-28 22:12:21.772 +00:00] [INF] [27] Emby.Server.Implementations.ScheduledTasks.Tasks.OptimizeDatabaseTask: jellyfin.db optimized successfully!
[2025-02-28 22:12:21.773 +00:00] [INF] [27] Emby.Server.Implementations.ScheduledTasks.TaskManager: "Optimize database" Completed after 0 minute(s) and 0 seconds
[2025-02-28 22:12:21.839 +00:00] [INF] [10] Emby.Server.Implementations.ScheduledTasks.TaskManager: "Clean Cache Directory" Completed after 0 minute(s) and 0 seconds
[2025-02-28 22:12:24.728 +00:00] [INF] [10] Jellyfin.LiveTv.Guide.GuideManager: Refreshing guide with 7 days of guide data
[2025-02-28 22:12:24.729 +00:00] [INF] [10] Emby.Server.Implementations.ScheduledTasks.TaskManager: "Refresh Guide" Completed after 0 minute(s) and 3 seconds
[2025-02-28 22:14:01.833 +00:00] [INF] [27] Emby.Server.Implementations.ScheduledTasks.TaskManager: "Update Plugins" Cancelled after 1 minute(s) and 40 seconds
[2025-02-28 22:18:27.519 +00:00] [INF] [51] Emby.Server.Implementations.IO.LibraryMonitor: Stopping directory watching for path "/data/tvshows"
[2025-02-28 22:18:27.520 +00:00] [INF] [51] Emby.Server.Implementations.IO.LibraryMonitor: Stopping directory watching for path "/data/movies"
[2025-02-28 22:18:27.520 +00:00] [INF] [51] Emby.Server.Implementations.Library.LibraryManager: Validating media library
[2025-02-28 22:18:27.530 +00:00] [INF] [10] Emby.Server.Implementations.ScheduledTasks.TaskManager: "Media Segment Scan" Completed after 0 minute(s) and 0 seconds
[2025-02-28 22:18:27.623 +00:00] [WRN] [51] MediaBrowser.Controller.Entities.BaseItem: Library folder "/config/data/data/playlists" is inaccessible or empty, skipping
[2025-02-28 22:18:27.628 +00:00] [WRN] [10] MediaBrowser.Controller.Entities.BaseItem: Library folder "/config/data/data/playlists" is inaccessible or empty, skipping
[2025-02-28 22:18:37.683 +00:00] [INF] [41] Emby.Server.Implementations.ScheduledTasks.TaskManager: "Scan Media Library" Completed after 0 minute(s) and 10 seconds
[2025-02-28 22:18:37.716 +00:00] [INF] [10] Emby.Server.Implementations.IO.LibraryMonitor: Watching directory "/data/movies"
[2025-02-28 22:18:37.717 +00:00] [INF] [51] Emby.Server.Implementations.IO.LibraryMonitor: Watching directory "/data/tvshows"
[2025-02-28 22:37:11.507 +00:00] [INF] [22] Emby.Server.Implementations.Session.SessionManager: Playback stopped reported by app "Swiftfin iPadOS" "1.2" playing "My Neighbor Totoro". Stopped at "5185000" ms
[2025-02-28 22:37:11.623 +00:00] [INF] [22] Emby.Server.Implementations.Session.SessionManager: Playback stopped reported by app "Swiftfin iPadOS" "1.2" playing "My Neighbor Totoro". Stopped at "5185000" ms
