Feb 11, 2025 03:41:23.739 [140671480138496] INFO - Plex Media Scanner v1.41.3.9314-a0bfb8370 - Docker Docker Container (LinuxServer.io) x86_64 - build: linux-x86_64 - GMT 00:00
Feb 11, 2025 03:41:23.740 [140671480138496] INFO - Linux version: 6.1.0-31-amd64, language: en-US
Feb 11, 2025 03:41:23.740 [140671480138496] INFO - Processor: 32-core Intel(R) Xeon(R) CPU E5-2640 v2 @ 2.00GHz
Feb 11, 2025 03:41:23.740 [140671480138496] INFO - /usr/lib/plexmediaserver/Plex Media Scanner --generate --chapter-thumbs-only --item 72 --log-file-suffix  Chapter Thumbnails
Feb 11, 2025 03:41:23.740 [140671480639232] DEBUG - Opening 20 database sessions to library (com.plexapp.plugins.library), SQLite 3.39.4, threadsafe=1
Feb 11, 2025 03:41:23.892 [140671480639232] DEBUG - Created chapter thumbnail for metadata item 72, media item 66 for chapter number 1:0 at "/config/Library/Application Support/Plex Media Server/Media/localhost/3/656b55afc498e5646157c8990722cddf4e8ecdf.bundle/Contents/Chapters/chapter1.jpg"
Feb 11, 2025 03:41:23.892 [140671480639232] DEBUG - Created chapter thumbnail for metadata item 72, media item 66 for chapter number 2:6000 at "/config/Library/Application Support/Plex Media Server/Media/localhost/3/656b55afc498e5646157c8990722cddf4e8ecdf.bundle/Contents/Chapters/chapter2.jpg"
Feb 11, 2025 03:41:23.892 [140671480639232] DEBUG - Created chapter thumbnail for metadata item 72, media item 66 for chapter number 3:51000 at "/config/Library/Application Support/Plex Media Server/Media/localhost/3/656b55afc498e5646157c8990722cddf4e8ecdf.bundle/Contents/Chapters/chapter3.jpg"
Feb 11, 2025 03:41:23.892 [140671480639232] DEBUG - Created chapter thumbnail for metadata item 72, media item 66 for chapter number 4:71000 at "/config/Library/Application Support/Plex Media Server/Media/localhost/3/656b55afc498e5646157c8990722cddf4e8ecdf.bundle/Contents/Chapters/chapter4.jpg"
Feb 11, 2025 03:41:23.892 [140671480639232] DEBUG - Created chapter thumbnail for metadata item 72, media item 66 for chapter number 5:244000 at "/config/Library/Application Support/Plex Media Server/Media/localhost/3/656b55afc498e5646157c8990722cddf4e8ecdf.bundle/Contents/Chapters/chapter5.jpg"
Feb 11, 2025 03:41:23.893 [140671480639232] DEBUG - Created chapter thumbnail for metadata item 72, media item 66 for chapter number 6:270000 at "/config/Library/Application Support/Plex Media Server/Media/localhost/3/656b55afc498e5646157c8990722cddf4e8ecdf.bundle/Contents/Chapters/chapter6.jpg"
Feb 11, 2025 03:41:23.893 [140671480639232] DEBUG - Created chapter thumbnail for metadata item 72, media item 66 for chapter number 7:450000 at "/config/Library/Application Support/Plex Media Server/Media/localhost/3/656b55afc498e5646157c8990722cddf4e8ecdf.bundle/Contents/Chapters/chapter7.jpg"
Feb 11, 2025 03:41:23.893 [140671480639232] DEBUG - Created chapter thumbnail for metadata item 72, media item 66 for chapter number 8:530000 at "/config/Library/Application Support/Plex Media Server/Media/localhost/3/656b55afc498e5646157c8990722cddf4e8ecdf.bundle/Contents/Chapters/chapter8.jpg"
Feb 11, 2025 03:41:23.893 [140671480639232] DEBUG - Created chapter thumbnail for metadata item 72, media item 66 for chapter number 9:537000 at "/config/Library/Application Support/Plex Media Server/Media/localhost/3/656b55afc498e5646157c8990722cddf4e8ecdf.bundle/Contents/Chapters/chapter9.jpg"
Feb 11, 2025 03:41:23.893 [140671480639232] DEBUG - Created chapter thumbnail for metadata item 72, media item 66 for chapter number 10:538000 at "/config/Library/Application Support/Plex Media Server/Media/localhost/3/656b55afc498e5646157c8990722cddf4e8ecdf.bundle/Contents/Chapters/chapter10.jpg"
Feb 11, 2025 03:41:23.893 [140671480639232] DEBUG - Created chapter thumbnail for metadata item 72, media item 66 for chapter number 11:664000 at "/config/Library/Application Support/Plex Media Server/Media/localhost/3/656b55afc498e5646157c8990722cddf4e8ecdf.bundle/Contents/Chapters/chapter11.jpg"
Feb 11, 2025 03:41:23.893 [140671480639232] DEBUG - Created chapter thumbnail for metadata item 72, media item 66 for chapter number 12:712000 at "/config/Library/Application Support/Plex Media Server/Media/localhost/3/656b55afc498e5646157c8990722cddf4e8ecdf.bundle/Contents/Chapters/chapter12.jpg"
Feb 11, 2025 03:41:23.893 [140671480639232] DEBUG - Created chapter thumbnail for metadata item 72, media item 66 for chapter number 13:773000 at "/config/Library/Application Support/Plex Media Server/Media/localhost/3/656b55afc498e5646157c8990722cddf4e8ecdf.bundle/Contents/Chapters/chapter13.jpg"
Feb 11, 2025 03:41:23.893 [140671480639232] DEBUG - Created chapter thumbnail for metadata item 72, media item 66 for chapter number 14:878000 at "/config/Library/Application Support/Plex Media Server/Media/localhost/3/656b55afc498e5646157c8990722cddf4e8ecdf.bundle/Contents/Chapters/chapter14.jpg"
Feb 11, 2025 03:41:23.893 [140671480639232] DEBUG - Created chapter thumbnail for metadata item 72, media item 66 for chapter number 15:1043000 at "/config/Library/Application Support/Plex Media Server/Media/localhost/3/656b55afc498e5646157c8990722cddf4e8ecdf.bundle/Contents/Chapters/chapter15.jpg"
Feb 11, 2025 03:41:23.893 [140671480639232] DEBUG - Created chapter thumbnail for metadata item 72, media item 66 for chapter number 16:1074000 at "/config/Library/Application Support/Plex Media Server/Media/localhost/3/656b55afc498e5646157c8990722cddf4e8ecdf.bundle/Contents/Chapters/chapter16.jpg"
Feb 11, 2025 03:41:23.894 [140671480639232] DEBUG - Created chapter thumbnail for metadata item 72, media item 66 for chapter number 17:1146000 at "/config/Library/Application Support/Plex Media Server/Media/localhost/3/656b55afc498e5646157c8990722cddf4e8ecdf.bundle/Contents/Chapters/chapter17.jpg"
Feb 11, 2025 03:41:23.894 [140671480639232] DEBUG - Created chapter thumbnail for metadata item 72, media item 66 for chapter number 18:1411000 at "/config/Library/Application Support/Plex Media Server/Media/localhost/3/656b55afc498e5646157c8990722cddf4e8ecdf.bundle/Contents/Chapters/chapter18.jpg"
Feb 11, 2025 03:41:23.894 [140671480639232] DEBUG - Created chapter thumbnail for metadata item 72, media item 66 for chapter number 19:1492000 at "/config/Library/Application Support/Plex Media Server/Media/localhost/3/656b55afc498e5646157c8990722cddf4e8ecdf.bundle/Contents/Chapters/chapter19.jpg"
Feb 11, 2025 03:41:23.894 [140671480639232] DEBUG - Created chapter thumbnail for metadata item 72, media item 66 for chapter number 20:1529000 at "/config/Library/Application Support/Plex Media Server/Media/localhost/3/656b55afc498e5646157c8990722cddf4e8ecdf.bundle/Contents/Chapters/chapter20.jpg"
Feb 11, 2025 03:41:23.894 [140671480639232] DEBUG - Created chapter thumbnail for metadata item 72, media item 66 for chapter number 21:1669000 at "/config/Library/Application Support/Plex Media Server/Media/localhost/3/656b55afc498e5646157c8990722cddf4e8ecdf.bundle/Contents/Chapters/chapter21.jpg"
Feb 11, 2025 03:41:23.894 [140671480639232] DEBUG - Created chapter thumbnail for metadata item 72, media item 66 for chapter number 22:1765000 at "/config/Library/Application Support/Plex Media Server/Media/localhost/3/656b55afc498e5646157c8990722cddf4e8ecdf.bundle/Contents/Chapters/chapter22.jpg"
Feb 11, 2025 03:41:23.894 [140671480639232] DEBUG - Created chapter thumbnail for metadata item 72, media item 66 for chapter number 23:2134000 at "/config/Library/Application Support/Plex Media Server/Media/localhost/3/656b55afc498e5646157c8990722cddf4e8ecdf.bundle/Contents/Chapters/chapter23.jpg"
Feb 11, 2025 03:41:23.894 [140671480639232] DEBUG - Created chapter thumbnail for metadata item 72, media item 66 for chapter number 24:2214000 at "/config/Library/Application Support/Plex Media Server/Media/localhost/3/656b55afc498e5646157c8990722cddf4e8ecdf.bundle/Contents/Chapters/chapter24.jpg"
Feb 11, 2025 03:41:23.894 [140671480639232] DEBUG - Created chapter thumbnail for metadata item 72, media item 66 for chapter number 25:2244000 at "/config/Library/Application Support/Plex Media Server/Media/localhost/3/656b55afc498e5646157c8990722cddf4e8ecdf.bundle/Contents/Chapters/chapter25.jpg"
Feb 11, 2025 03:41:23.895 [140671480639232] DEBUG - Created chapter thumbnail for metadata item 72, media item 66 for chapter number 26:2383000 at "/config/Library/Application Support/Plex Media Server/Media/localhost/3/656b55afc498e5646157c8990722cddf4e8ecdf.bundle/Contents/Chapters/chapter26.jpg"
Feb 11, 2025 03:41:23.895 [140671480639232] DEBUG - Created chapter thumbnail for metadata item 72, media item 66 for chapter number 27:2466000 at "/config/Library/Application Support/Plex Media Server/Media/localhost/3/656b55afc498e5646157c8990722cddf4e8ecdf.bundle/Contents/Chapters/chapter27.jpg"
Feb 11, 2025 03:41:23.895 [140671480639232] DEBUG - Created chapter thumbnail for metadata item 72, media item 66 for chapter number 28:2472000 at "/config/Library/Application Support/Plex Media Server/Media/localhost/3/656b55afc498e5646157c8990722cddf4e8ecdf.bundle/Contents/Chapters/chapter28.jpg"
Feb 11, 2025 03:41:23.895 [140671480639232] DEBUG - Created chapter thumbnail for metadata item 72, media item 66 for chapter number 29:2559000 at "/config/Library/Application Support/Plex Media Server/Media/localhost/3/656b55afc498e5646157c8990722cddf4e8ecdf.bundle/Contents/Chapters/chapter29.jpg"
Feb 11, 2025 03:41:23.895 [140671480639232] DEBUG - Created chapter thumbnail for metadata item 72, media item 66 for chapter number 30:2610000 at "/config/Library/Application Support/Plex Media Server/Media/localhost/3/656b55afc498e5646157c8990722cddf4e8ecdf.bundle/Contents/Chapters/chapter30.jpg"
Feb 11, 2025 03:41:23.895 [140671480639232] DEBUG - Created chapter thumbnail for metadata item 72, media item 66 for chapter number 31:2613000 at "/config/Library/Application Support/Plex Media Server/Media/localhost/3/656b55afc498e5646157c8990722cddf4e8ecdf.bundle/Contents/Chapters/chapter31.jpg"
