Feb 11, 2025 03:41:23.557 [140266152192768] INFO - Plex Media Scanner v1.41.3.9314-a0bfb8370 - Docker Docker Container (LinuxServer.io) x86_64 - build: linux-x86_64 - GMT 00:00
Feb 11, 2025 03:41:23.557 [140266152192768] INFO - Linux version: 6.1.0-31-amd64, language: en-US
Feb 11, 2025 03:41:23.557 [140266152192768] INFO - Processor: 32-core Intel(R) Xeon(R) CPU E5-2640 v2 @ 2.00GHz
Feb 11, 2025 03:41:23.557 [140266152192768] INFO - /usr/lib/plexmediaserver/Plex Media Scanner --generate --chapter-thumbs-only --item 73 --log-file-suffix  Chapter Thumbnails
Feb 11, 2025 03:41:23.557 [140266152693504] DEBUG - Opening 20 database sessions to library (com.plexapp.plugins.library), SQLite 3.39.4, threadsafe=1
Feb 11, 2025 03:41:23.693 [140266152693504] DEBUG - Created chapter thumbnail for metadata item 73, media item 67 for chapter number 1:0 at "/config/Library/Application Support/Plex Media Server/Media/localhost/0/e8fb7fe4cc14b42bf841571d0f84eb4d36fd8d7.bundle/Contents/Chapters/chapter1.jpg"
Feb 11, 2025 03:41:23.693 [140266152693504] DEBUG - Created chapter thumbnail for metadata item 73, media item 67 for chapter number 2:6000 at "/config/Library/Application Support/Plex Media Server/Media/localhost/0/e8fb7fe4cc14b42bf841571d0f84eb4d36fd8d7.bundle/Contents/Chapters/chapter2.jpg"
Feb 11, 2025 03:41:23.693 [140266152693504] DEBUG - Created chapter thumbnail for metadata item 73, media item 67 for chapter number 3:51000 at "/config/Library/Application Support/Plex Media Server/Media/localhost/0/e8fb7fe4cc14b42bf841571d0f84eb4d36fd8d7.bundle/Contents/Chapters/chapter3.jpg"
Feb 11, 2025 03:41:23.693 [140266152693504] DEBUG - Created chapter thumbnail for metadata item 73, media item 67 for chapter number 4:87000 at "/config/Library/Application Support/Plex Media Server/Media/localhost/0/e8fb7fe4cc14b42bf841571d0f84eb4d36fd8d7.bundle/Contents/Chapters/chapter4.jpg"
Feb 11, 2025 03:41:23.693 [140266152693504] DEBUG - Created chapter thumbnail for metadata item 73, media item 67 for chapter number 5:206000 at "/config/Library/Application Support/Plex Media Server/Media/localhost/0/e8fb7fe4cc14b42bf841571d0f84eb4d36fd8d7.bundle/Contents/Chapters/chapter5.jpg"
Feb 11, 2025 03:41:23.693 [140266152693504] DEBUG - Created chapter thumbnail for metadata item 73, media item 67 for chapter number 6:253000 at "/config/Library/Application Support/Plex Media Server/Media/localhost/0/e8fb7fe4cc14b42bf841571d0f84eb4d36fd8d7.bundle/Contents/Chapters/chapter6.jpg"
Feb 11, 2025 03:41:23.693 [140266152693504] DEBUG - Created chapter thumbnail for metadata item 73, media item 67 for chapter number 7:273000 at "/config/Library/Application Support/Plex Media Server/Media/localhost/0/e8fb7fe4cc14b42bf841571d0f84eb4d36fd8d7.bundle/Contents/Chapters/chapter7.jpg"
Feb 11, 2025 03:41:23.694 [140266152693504] DEBUG - Created chapter thumbnail for metadata item 73, media item 67 for chapter number 8:410000 at "/config/Library/Application Support/Plex Media Server/Media/localhost/0/e8fb7fe4cc14b42bf841571d0f84eb4d36fd8d7.bundle/Contents/Chapters/chapter8.jpg"
Feb 11, 2025 03:41:23.694 [140266152693504] DEBUG - Created chapter thumbnail for metadata item 73, media item 67 for chapter number 9:416000 at "/config/Library/Application Support/Plex Media Server/Media/localhost/0/e8fb7fe4cc14b42bf841571d0f84eb4d36fd8d7.bundle/Contents/Chapters/chapter9.jpg"
Feb 11, 2025 03:41:23.694 [140266152693504] DEBUG - Created chapter thumbnail for metadata item 73, media item 67 for chapter number 10:459000 at "/config/Library/Application Support/Plex Media Server/Media/localhost/0/e8fb7fe4cc14b42bf841571d0f84eb4d36fd8d7.bundle/Contents/Chapters/chapter10.jpg"
Feb 11, 2025 03:41:23.694 [140266152693504] DEBUG - Created chapter thumbnail for metadata item 73, media item 67 for chapter number 11:637000 at "/config/Library/Application Support/Plex Media Server/Media/localhost/0/e8fb7fe4cc14b42bf841571d0f84eb4d36fd8d7.bundle/Contents/Chapters/chapter11.jpg"
Feb 11, 2025 03:41:23.694 [140266152693504] DEBUG - Created chapter thumbnail for metadata item 73, media item 67 for chapter number 12:727000 at "/config/Library/Application Support/Plex Media Server/Media/localhost/0/e8fb7fe4cc14b42bf841571d0f84eb4d36fd8d7.bundle/Contents/Chapters/chapter12.jpg"
Feb 11, 2025 03:41:23.694 [140266152693504] DEBUG - Created chapter thumbnail for metadata item 73, media item 67 for chapter number 13:814000 at "/config/Library/Application Support/Plex Media Server/Media/localhost/0/e8fb7fe4cc14b42bf841571d0f84eb4d36fd8d7.bundle/Contents/Chapters/chapter13.jpg"
Feb 11, 2025 03:41:23.694 [140266152693504] DEBUG - Created chapter thumbnail for metadata item 73, media item 67 for chapter number 14:863000 at "/config/Library/Application Support/Plex Media Server/Media/localhost/0/e8fb7fe4cc14b42bf841571d0f84eb4d36fd8d7.bundle/Contents/Chapters/chapter14.jpg"
Feb 11, 2025 03:41:23.694 [140266152693504] DEBUG - Created chapter thumbnail for metadata item 73, media item 67 for chapter number 15:896000 at "/config/Library/Application Support/Plex Media Server/Media/localhost/0/e8fb7fe4cc14b42bf841571d0f84eb4d36fd8d7.bundle/Contents/Chapters/chapter15.jpg"
Feb 11, 2025 03:41:23.694 [140266152693504] DEBUG - Created chapter thumbnail for metadata item 73, media item 67 for chapter number 16:929000 at "/config/Library/Application Support/Plex Media Server/Media/localhost/0/e8fb7fe4cc14b42bf841571d0f84eb4d36fd8d7.bundle/Contents/Chapters/chapter16.jpg"
Feb 11, 2025 03:41:23.694 [140266152693504] DEBUG - Created chapter thumbnail for metadata item 73, media item 67 for chapter number 17:1032000 at "/config/Library/Application Support/Plex Media Server/Media/localhost/0/e8fb7fe4cc14b42bf841571d0f84eb4d36fd8d7.bundle/Contents/Chapters/chapter17.jpg"
Feb 11, 2025 03:41:23.694 [140266152693504] DEBUG - Created chapter thumbnail for metadata item 73, media item 67 for chapter number 18:1185000 at "/config/Library/Application Support/Plex Media Server/Media/localhost/0/e8fb7fe4cc14b42bf841571d0f84eb4d36fd8d7.bundle/Contents/Chapters/chapter18.jpg"
Feb 11, 2025 03:41:23.694 [140266152693504] DEBUG - Created chapter thumbnail for metadata item 73, media item 67 for chapter number 19:1232000 at "/config/Library/Application Support/Plex Media Server/Media/localhost/0/e8fb7fe4cc14b42bf841571d0f84eb4d36fd8d7.bundle/Contents/Chapters/chapter19.jpg"
Feb 11, 2025 03:41:23.694 [140266152693504] DEBUG - Created chapter thumbnail for metadata item 73, media item 67 for chapter number 20:1315000 at "/config/Library/Application Support/Plex Media Server/Media/localhost/0/e8fb7fe4cc14b42bf841571d0f84eb4d36fd8d7.bundle/Contents/Chapters/chapter20.jpg"
Feb 11, 2025 03:41:23.694 [140266152693504] DEBUG - Created chapter thumbnail for metadata item 73, media item 67 for chapter number 21:1378000 at "/config/Library/Application Support/Plex Media Server/Media/localhost/0/e8fb7fe4cc14b42bf841571d0f84eb4d36fd8d7.bundle/Contents/Chapters/chapter21.jpg"
Feb 11, 2025 03:41:23.694 [140266152693504] DEBUG - Created chapter thumbnail for metadata item 73, media item 67 for chapter number 22:1539000 at "/config/Library/Application Support/Plex Media Server/Media/localhost/0/e8fb7fe4cc14b42bf841571d0f84eb4d36fd8d7.bundle/Contents/Chapters/chapter22.jpg"
Feb 11, 2025 03:41:23.694 [140266152693504] DEBUG - Created chapter thumbnail for metadata item 73, media item 67 for chapter number 23:1570000 at "/config/Library/Application Support/Plex Media Server/Media/localhost/0/e8fb7fe4cc14b42bf841571d0f84eb4d36fd8d7.bundle/Contents/Chapters/chapter23.jpg"
Feb 11, 2025 03:41:23.695 [140266152693504] DEBUG - Created chapter thumbnail for metadata item 73, media item 67 for chapter number 24:1743000 at "/config/Library/Application Support/Plex Media Server/Media/localhost/0/e8fb7fe4cc14b42bf841571d0f84eb4d36fd8d7.bundle/Contents/Chapters/chapter24.jpg"
Feb 11, 2025 03:41:23.695 [140266152693504] DEBUG - Created chapter thumbnail for metadata item 73, media item 67 for chapter number 25:1862000 at "/config/Library/Application Support/Plex Media Server/Media/localhost/0/e8fb7fe4cc14b42bf841571d0f84eb4d36fd8d7.bundle/Contents/Chapters/chapter25.jpg"
Feb 11, 2025 03:41:23.695 [140266152693504] DEBUG - Created chapter thumbnail for metadata item 73, media item 67 for chapter number 26:1896000 at "/config/Library/Application Support/Plex Media Server/Media/localhost/0/e8fb7fe4cc14b42bf841571d0f84eb4d36fd8d7.bundle/Contents/Chapters/chapter26.jpg"
Feb 11, 2025 03:41:23.695 [140266152693504] DEBUG - Created chapter thumbnail for metadata item 73, media item 67 for chapter number 27:1953000 at "/config/Library/Application Support/Plex Media Server/Media/localhost/0/e8fb7fe4cc14b42bf841571d0f84eb4d36fd8d7.bundle/Contents/Chapters/chapter27.jpg"
Feb 11, 2025 03:41:23.695 [140266152693504] DEBUG - Created chapter thumbnail for metadata item 73, media item 67 for chapter number 28:2004000 at "/config/Library/Application Support/Plex Media Server/Media/localhost/0/e8fb7fe4cc14b42bf841571d0f84eb4d36fd8d7.bundle/Contents/Chapters/chapter28.jpg"
Feb 11, 2025 03:41:23.695 [140266152693504] DEBUG - Created chapter thumbnail for metadata item 73, media item 67 for chapter number 29:2070000 at "/config/Library/Application Support/Plex Media Server/Media/localhost/0/e8fb7fe4cc14b42bf841571d0f84eb4d36fd8d7.bundle/Contents/Chapters/chapter29.jpg"
Feb 11, 2025 03:41:23.695 [140266152693504] DEBUG - Created chapter thumbnail for metadata item 73, media item 67 for chapter number 30:2281000 at "/config/Library/Application Support/Plex Media Server/Media/localhost/0/e8fb7fe4cc14b42bf841571d0f84eb4d36fd8d7.bundle/Contents/Chapters/chapter30.jpg"
Feb 11, 2025 03:41:23.695 [140266152693504] DEBUG - Created chapter thumbnail for metadata item 73, media item 67 for chapter number 31:2321000 at "/config/Library/Application Support/Plex Media Server/Media/localhost/0/e8fb7fe4cc14b42bf841571d0f84eb4d36fd8d7.bundle/Contents/Chapters/chapter31.jpg"
Feb 11, 2025 03:41:23.695 [140266152693504] DEBUG - Created chapter thumbnail for metadata item 73, media item 67 for chapter number 32:2384000 at "/config/Library/Application Support/Plex Media Server/Media/localhost/0/e8fb7fe4cc14b42bf841571d0f84eb4d36fd8d7.bundle/Contents/Chapters/chapter32.jpg"
Feb 11, 2025 03:41:23.695 [140266152693504] DEBUG - Created chapter thumbnail for metadata item 73, media item 67 for chapter number 33:2467000 at "/config/Library/Application Support/Plex Media Server/Media/localhost/0/e8fb7fe4cc14b42bf841571d0f84eb4d36fd8d7.bundle/Contents/Chapters/chapter33.jpg"
Feb 11, 2025 03:41:23.695 [140266152693504] DEBUG - Created chapter thumbnail for metadata item 73, media item 67 for chapter number 34:2499000 at "/config/Library/Application Support/Plex Media Server/Media/localhost/0/e8fb7fe4cc14b42bf841571d0f84eb4d36fd8d7.bundle/Contents/Chapters/chapter34.jpg"
Feb 11, 2025 03:41:23.695 [140266152693504] DEBUG - Created chapter thumbnail for metadata item 73, media item 67 for chapter number 35:2629000 at "/config/Library/Application Support/Plex Media Server/Media/localhost/0/e8fb7fe4cc14b42bf841571d0f84eb4d36fd8d7.bundle/Contents/Chapters/chapter35.jpg"
