Feb 11, 2025 03:41:23.941 [140187124493056] INFO - Plex Media Scanner v1.41.3.9314-a0bfb8370 - Docker Docker Container (LinuxServer.io) x86_64 - build: linux-x86_64 - GMT 00:00
Feb 11, 2025 03:41:23.941 [140187124493056] INFO - Linux version: 6.1.0-31-amd64, language: en-US
Feb 11, 2025 03:41:23.942 [140187124493056] INFO - Processor: 32-core Intel(R) Xeon(R) CPU E5-2640 v2 @ 2.00GHz
Feb 11, 2025 03:41:23.942 [140187124493056] INFO - /usr/lib/plexmediaserver/Plex Media Scanner --generate --chapter-thumbs-only --item 71 --log-file-suffix  Chapter Thumbnails
Feb 11, 2025 03:41:23.942 [140187124993792] DEBUG - Opening 20 database sessions to library (com.plexapp.plugins.library), SQLite 3.39.4, threadsafe=1
Feb 11, 2025 03:41:24.078 [140187124993792] DEBUG - Created chapter thumbnail for metadata item 71, media item 65 for chapter number 1:0 at "/config/Library/Application Support/Plex Media Server/Media/localhost/b/51888b81c42fcc37e6bd7213b5d0d0f56a31145.bundle/Contents/Chapters/chapter1.jpg"
Feb 11, 2025 03:41:24.079 [140187124993792] DEBUG - Created chapter thumbnail for metadata item 71, media item 65 for chapter number 2:6000 at "/config/Library/Application Support/Plex Media Server/Media/localhost/b/51888b81c42fcc37e6bd7213b5d0d0f56a31145.bundle/Contents/Chapters/chapter2.jpg"
Feb 11, 2025 03:41:24.079 [140187124993792] DEBUG - Created chapter thumbnail for metadata item 71, media item 65 for chapter number 3:51000 at "/config/Library/Application Support/Plex Media Server/Media/localhost/b/51888b81c42fcc37e6bd7213b5d0d0f56a31145.bundle/Contents/Chapters/chapter3.jpg"
Feb 11, 2025 03:41:24.079 [140187124993792] DEBUG - Created chapter thumbnail for metadata item 71, media item 65 for chapter number 4:124000 at "/config/Library/Application Support/Plex Media Server/Media/localhost/b/51888b81c42fcc37e6bd7213b5d0d0f56a31145.bundle/Contents/Chapters/chapter4.jpg"
Feb 11, 2025 03:41:24.079 [140187124993792] DEBUG - Created chapter thumbnail for metadata item 71, media item 65 for chapter number 5:169000 at "/config/Library/Application Support/Plex Media Server/Media/localhost/b/51888b81c42fcc37e6bd7213b5d0d0f56a31145.bundle/Contents/Chapters/chapter5.jpg"
Feb 11, 2025 03:41:24.079 [140187124993792] DEBUG - Created chapter thumbnail for metadata item 71, media item 65 for chapter number 6:272000 at "/config/Library/Application Support/Plex Media Server/Media/localhost/b/51888b81c42fcc37e6bd7213b5d0d0f56a31145.bundle/Contents/Chapters/chapter6.jpg"
Feb 11, 2025 03:41:24.079 [140187124993792] DEBUG - Created chapter thumbnail for metadata item 71, media item 65 for chapter number 7:372000 at "/config/Library/Application Support/Plex Media Server/Media/localhost/b/51888b81c42fcc37e6bd7213b5d0d0f56a31145.bundle/Contents/Chapters/chapter7.jpg"
Feb 11, 2025 03:41:24.079 [140187124993792] DEBUG - Created chapter thumbnail for metadata item 71, media item 65 for chapter number 8:626000 at "/config/Library/Application Support/Plex Media Server/Media/localhost/b/51888b81c42fcc37e6bd7213b5d0d0f56a31145.bundle/Contents/Chapters/chapter8.jpg"
Feb 11, 2025 03:41:24.079 [140187124993792] DEBUG - Created chapter thumbnail for metadata item 71, media item 65 for chapter number 9:724000 at "/config/Library/Application Support/Plex Media Server/Media/localhost/b/51888b81c42fcc37e6bd7213b5d0d0f56a31145.bundle/Contents/Chapters/chapter9.jpg"
Feb 11, 2025 03:41:24.079 [140187124993792] DEBUG - Created chapter thumbnail for metadata item 71, media item 65 for chapter number 10:872000 at "/config/Library/Application Support/Plex Media Server/Media/localhost/b/51888b81c42fcc37e6bd7213b5d0d0f56a31145.bundle/Contents/Chapters/chapter10.jpg"
Feb 11, 2025 03:41:24.079 [140187124993792] DEBUG - Created chapter thumbnail for metadata item 71, media item 65 for chapter number 11:901000 at "/config/Library/Application Support/Plex Media Server/Media/localhost/b/51888b81c42fcc37e6bd7213b5d0d0f56a31145.bundle/Contents/Chapters/chapter11.jpg"
Feb 11, 2025 03:41:24.079 [140187124993792] DEBUG - Created chapter thumbnail for metadata item 71, media item 65 for chapter number 12:953000 at "/config/Library/Application Support/Plex Media Server/Media/localhost/b/51888b81c42fcc37e6bd7213b5d0d0f56a31145.bundle/Contents/Chapters/chapter12.jpg"
Feb 11, 2025 03:41:24.079 [140187124993792] DEBUG - Created chapter thumbnail for metadata item 71, media item 65 for chapter number 13:995000 at "/config/Library/Application Support/Plex Media Server/Media/localhost/b/51888b81c42fcc37e6bd7213b5d0d0f56a31145.bundle/Contents/Chapters/chapter13.jpg"
Feb 11, 2025 03:41:24.079 [140187124993792] DEBUG - Created chapter thumbnail for metadata item 71, media item 65 for chapter number 14:1033000 at "/config/Library/Application Support/Plex Media Server/Media/localhost/b/51888b81c42fcc37e6bd7213b5d0d0f56a31145.bundle/Contents/Chapters/chapter14.jpg"
Feb 11, 2025 03:41:24.079 [140187124993792] DEBUG - Created chapter thumbnail for metadata item 71, media item 65 for chapter number 15:1109000 at "/config/Library/Application Support/Plex Media Server/Media/localhost/b/51888b81c42fcc37e6bd7213b5d0d0f56a31145.bundle/Contents/Chapters/chapter15.jpg"
Feb 11, 2025 03:41:24.080 [140187124993792] DEBUG - Created chapter thumbnail for metadata item 71, media item 65 for chapter number 16:1236000 at "/config/Library/Application Support/Plex Media Server/Media/localhost/b/51888b81c42fcc37e6bd7213b5d0d0f56a31145.bundle/Contents/Chapters/chapter16.jpg"
Feb 11, 2025 03:41:24.080 [140187124993792] DEBUG - Created chapter thumbnail for metadata item 71, media item 65 for chapter number 17:1326000 at "/config/Library/Application Support/Plex Media Server/Media/localhost/b/51888b81c42fcc37e6bd7213b5d0d0f56a31145.bundle/Contents/Chapters/chapter17.jpg"
Feb 11, 2025 03:41:24.080 [140187124993792] DEBUG - Created chapter thumbnail for metadata item 71, media item 65 for chapter number 18:1332000 at "/config/Library/Application Support/Plex Media Server/Media/localhost/b/51888b81c42fcc37e6bd7213b5d0d0f56a31145.bundle/Contents/Chapters/chapter18.jpg"
Feb 11, 2025 03:41:24.080 [140187124993792] DEBUG - Created chapter thumbnail for metadata item 71, media item 65 for chapter number 19:1470000 at "/config/Library/Application Support/Plex Media Server/Media/localhost/b/51888b81c42fcc37e6bd7213b5d0d0f56a31145.bundle/Contents/Chapters/chapter19.jpg"
Feb 11, 2025 03:41:24.080 [140187124993792] DEBUG - Created chapter thumbnail for metadata item 71, media item 65 for chapter number 20:1498000 at "/config/Library/Application Support/Plex Media Server/Media/localhost/b/51888b81c42fcc37e6bd7213b5d0d0f56a31145.bundle/Contents/Chapters/chapter20.jpg"
Feb 11, 2025 03:41:24.080 [140187124993792] DEBUG - Created chapter thumbnail for metadata item 71, media item 65 for chapter number 21:1637000 at "/config/Library/Application Support/Plex Media Server/Media/localhost/b/51888b81c42fcc37e6bd7213b5d0d0f56a31145.bundle/Contents/Chapters/chapter21.jpg"
Feb 11, 2025 03:41:24.080 [140187124993792] DEBUG - Created chapter thumbnail for metadata item 71, media item 65 for chapter number 22:1814000 at "/config/Library/Application Support/Plex Media Server/Media/localhost/b/51888b81c42fcc37e6bd7213b5d0d0f56a31145.bundle/Contents/Chapters/chapter22.jpg"
Feb 11, 2025 03:41:24.080 [140187124993792] DEBUG - Created chapter thumbnail for metadata item 71, media item 65 for chapter number 23:1886000 at "/config/Library/Application Support/Plex Media Server/Media/localhost/b/51888b81c42fcc37e6bd7213b5d0d0f56a31145.bundle/Contents/Chapters/chapter23.jpg"
Feb 11, 2025 03:41:24.080 [140187124993792] DEBUG - Created chapter thumbnail for metadata item 71, media item 65 for chapter number 24:1932000 at "/config/Library/Application Support/Plex Media Server/Media/localhost/b/51888b81c42fcc37e6bd7213b5d0d0f56a31145.bundle/Contents/Chapters/chapter24.jpg"
Feb 11, 2025 03:41:24.080 [140187124993792] DEBUG - Created chapter thumbnail for metadata item 71, media item 65 for chapter number 25:2036000 at "/config/Library/Application Support/Plex Media Server/Media/localhost/b/51888b81c42fcc37e6bd7213b5d0d0f56a31145.bundle/Contents/Chapters/chapter25.jpg"
Feb 11, 2025 03:41:24.080 [140187124993792] DEBUG - Created chapter thumbnail for metadata item 71, media item 65 for chapter number 26:2160000 at "/config/Library/Application Support/Plex Media Server/Media/localhost/b/51888b81c42fcc37e6bd7213b5d0d0f56a31145.bundle/Contents/Chapters/chapter26.jpg"
Feb 11, 2025 03:41:24.080 [140187124993792] DEBUG - Created chapter thumbnail for metadata item 71, media item 65 for chapter number 27:2316000 at "/config/Library/Application Support/Plex Media Server/Media/localhost/b/51888b81c42fcc37e6bd7213b5d0d0f56a31145.bundle/Contents/Chapters/chapter27.jpg"
Feb 11, 2025 03:41:24.080 [140187124993792] DEBUG - Created chapter thumbnail for metadata item 71, media item 65 for chapter number 28:2391000 at "/config/Library/Application Support/Plex Media Server/Media/localhost/b/51888b81c42fcc37e6bd7213b5d0d0f56a31145.bundle/Contents/Chapters/chapter28.jpg"
Feb 11, 2025 03:41:24.080 [140187124993792] DEBUG - Created chapter thumbnail for metadata item 71, media item 65 for chapter number 29:2499000 at "/config/Library/Application Support/Plex Media Server/Media/localhost/b/51888b81c42fcc37e6bd7213b5d0d0f56a31145.bundle/Contents/Chapters/chapter29.jpg"
Feb 11, 2025 03:41:24.080 [140187124993792] DEBUG - Created chapter thumbnail for metadata item 71, media item 65 for chapter number 30:2602000 at "/config/Library/Application Support/Plex Media Server/Media/localhost/b/51888b81c42fcc37e6bd7213b5d0d0f56a31145.bundle/Contents/Chapters/chapter30.jpg"
