Feb 11, 2025 17:31:09.940 [0x7f6b0dfb2b38] INFO - Plex Tuner Service v1.41.3.9314-a0bfb8370 - Docker Docker Container (LinuxServer.io) x86_64 - build: 
Feb 11, 2025 17:31:09.941 [0x7f6b0dfb2b38] INFO - Linux version: 6.1.0-31-amd64 (#1 SMP PREEMPT_DYNAMIC Debian 6.1.128-1 (2025-02-07)), language: en-US
Feb 11, 2025 17:31:09.941 [0x7f6b0dfb2b38] INFO - Processor       Intel(R) Xeon(R) CPU E5-2640 v2 @ 2.00GHz
Feb 11, 2025 17:31:09.941 [0x7f6b0dfb2b38] INFO - /usr/lib/plexmediaserver/Plex Tuner Service /usr/lib/plexmediaserver/Resources/Tuner/Private /usr/lib/plexmediaserver/Resources/Tuner/Shared 1.41.3.9314-a0bfb8370 32600
Feb 11, 2025 17:31:09.938 [0x7f6b0fb24808] INFO - [I] broker_t::start...
Feb 11, 2025 17:31:09.976 [0x7f6b0fb24808] INFO - [I] device_manager_t::init.
Feb 11, 2025 17:31:09.976 [0x7f6b0fb24808] INFO - [I] device_manager_t::init. Initialize provider manager
Feb 11, 2025 17:31:09.976 [0x7f6b0fb24808] INFO - [I] device_manager_t::init. Initialize all device auxes
Feb 11, 2025 17:31:09.976 [0x7f6b0fb24808] INFO - [I] dvb_device_factory_t::get_aux_list
Feb 11, 2025 17:31:09.976 [0x7f6b0fb24808] INFO - [I] tvbutler_aux_t::init
Feb 11, 2025 17:31:09.985 [0x7f6b0fb24808] INFO - [I] web_server_t::start. Starting web server on port 32600
Feb 11, 2025 17:31:17.197 [0x7f6b0dd26b38] INFO - [I] web_service_t::process_device_discovery
Feb 11, 2025 17:31:17.197 [0x7f6b0dd26b38] INFO - [I] device_reactor_t::get_device_list ()
Feb 11, 2025 17:31:19.200 [0x7f6b0dd26b38] INFO - [I] SAT2IP - discover_satip_servers(): no servers found
Feb 11, 2025 17:31:19.619 [0x7f6b0dd26b38] INFO - [I] v4l::DeviceGetList_impl. getting v4l device list
Feb 11, 2025 17:31:19.622 [0x7f6b0dd26b38] INFO - [I] onetv_factory::DeviceGetListEx >>
Feb 11, 2025 17:31:19.622 [0x7f6b0dd26b38] WARN - [W] onetv_factory::DeviceGetListEx. libusb_init returned an error -99
Feb 11, 2025 17:32:25.514 [0x7f6b0fb24808] INFO - Received SIGINT: Interrupt from keyboard.
Feb 11, 2025 17:32:25.539 [0x7f6b0fb24808] INFO - [I] device_manager_t::term
Feb 11, 2025 17:32:25.539 [0x7f6b0fb24808] INFO - [I] device_manager_t::term. Stop all devices
Feb 11, 2025 17:32:25.539 [0x7f6b0fb24808] INFO - [I] device_manager_t::term. Shut down all device auxes
Feb 11, 2025 17:32:25.539 [0x7f6b0fb24808] INFO - [I] tvbutler_aux_t::term
Feb 11, 2025 17:32:25.540 [0x7f6b0fb24808] INFO - [I] web_server_t::stop. Web server is stopped
Feb 11, 2025 17:32:25.540 [0x7f6b0fb24808] INFO - [I] device_manager_t::term
Feb 11, 2025 17:32:25.540 [0x7f6b0fb24808] INFO - [I] device_manager_t::term. Stop all devices
Feb 11, 2025 17:32:25.540 [0x7f6b0fb24808] INFO - [I] device_manager_t::term. Shut down all device auxes
Feb 11, 2025 17:32:25.540 [0x7f6b0fb24808] INFO - [I] broker_t::shutdown. Shutdown is completed.
