Feb 11, 2025 04:15:25.577 [139979352427264] INFO - Plex Media Scanner v1.41.3.9314-a0bfb8370 - Docker Docker Container (LinuxServer.io) x86_64 - build: linux-x86_64 - GMT 00:00
Feb 11, 2025 04:15:25.577 [139979352427264] INFO - Linux version: 6.1.0-31-amd64, language: en-US
Feb 11, 2025 04:15:25.577 [139979352427264] INFO - Processor: 32-core Intel(R) Xeon(R) CPU E5-2640 v2 @ 2.00GHz
Feb 11, 2025 04:15:25.578 [139979352427264] INFO - /usr/lib/plexmediaserver/Plex Media Scanner --generate --chapter-thumbs-only --item 63 --log-file-suffix  Chapter Thumbnails --force
Feb 11, 2025 04:15:25.577 [139979352928000] DEBUG - Opening 20 database sessions to library (com.plexapp.plugins.library), SQLite 3.39.4, threadsafe=1
Feb 11, 2025 04:15:25.741 [139979352928000] DEBUG - [MI] Opening input file: "/tv/Invincible (2021)/Season 1/Invincible.2021.S01E07.We.Need.To.Talk.1080p.AMZN.WEBRip.DDP5.1.x264-NTb[TGx].mkv"
Feb 11, 2025 04:15:25.741 [139979352928000] DEBUG - [FFMPEG] - Opening '/tv/Invincible (2021)/Season 1/Invincible.2021.S01E07.We.Need.To.Talk.1080p.AMZN.WEBRip.DDP5.1.x264-NTb[TGx].mkv' for reading
Feb 11, 2025 04:15:25.741 [139979352928000] DEBUG - [FFMPEG] - Setting default whitelist 'file,crypto,data'
Feb 11, 2025 04:15:25.741 [139979352928000] ERROR - Exception extracting chapters from media file '/tv/Invincible (2021)/Season 1/Invincible.2021.S01E07.We.Need.To.Talk.1080p.AMZN.WEBRip.DDP5.1.x264-NTb[TGx].mkv' (Could not parse /tv/Invincible (2021)/Season 1/Invincible.2021.S01E07.We.Need.To.Talk.1080p.AMZN.WEBRip.DDP5.1.x264-NTb[TGx].mkv (error=-2): No such file or directory)
Feb 11, 2025 04:15:25.741 [139979352928000] DEBUG - Created chapter thumbnail for metadata item 63, media item 59 for chapter number 1:0 at "/config/Library/Application Support/Plex Media Server/Media/localhost/8/de466b8e560024c144260b37836410467952ffb.bundle/Contents/Chapters/chapter1.jpg"
Feb 11, 2025 04:15:25.742 [139979352928000] DEBUG - [MI] Opening input file: "/tv/Invincible (2021)/Season 1/Invincible.2021.S01E07.We.Need.To.Talk.1080p.AMZN.WEBRip.DDP5.1.x264-NTb[TGx].mkv"
Feb 11, 2025 04:15:25.742 [139979352928000] DEBUG - [FFMPEG] - Opening '/tv/Invincible (2021)/Season 1/Invincible.2021.S01E07.We.Need.To.Talk.1080p.AMZN.WEBRip.DDP5.1.x264-NTb[TGx].mkv' for reading
Feb 11, 2025 04:15:25.742 [139979352928000] DEBUG - [FFMPEG] - Setting default whitelist 'file,crypto,data'
Feb 11, 2025 04:15:25.742 [139979352928000] ERROR - Exception extracting chapters from media file '/tv/Invincible (2021)/Season 1/Invincible.2021.S01E07.We.Need.To.Talk.1080p.AMZN.WEBRip.DDP5.1.x264-NTb[TGx].mkv' (Could not parse /tv/Invincible (2021)/Season 1/Invincible.2021.S01E07.We.Need.To.Talk.1080p.AMZN.WEBRip.DDP5.1.x264-NTb[TGx].mkv (error=-2): No such file or directory)
Feb 11, 2025 04:15:25.742 [139979352928000] DEBUG - Created chapter thumbnail for metadata item 63, media item 59 for chapter number 2:5000 at "/config/Library/Application Support/Plex Media Server/Media/localhost/8/de466b8e560024c144260b37836410467952ffb.bundle/Contents/Chapters/chapter2.jpg"
Feb 11, 2025 04:15:25.742 [139979352928000] DEBUG - [MI] Opening input file: "/tv/Invincible (2021)/Season 1/Invincible.2021.S01E07.We.Need.To.Talk.1080p.AMZN.WEBRip.DDP5.1.x264-NTb[TGx].mkv"
Feb 11, 2025 04:15:25.742 [139979352928000] DEBUG - [FFMPEG] - Opening '/tv/Invincible (2021)/Season 1/Invincible.2021.S01E07.We.Need.To.Talk.1080p.AMZN.WEBRip.DDP5.1.x264-NTb[TGx].mkv' for reading
Feb 11, 2025 04:15:25.742 [139979352928000] DEBUG - [FFMPEG] - Setting default whitelist 'file,crypto,data'
Feb 11, 2025 04:15:25.742 [139979352928000] ERROR - Exception extracting chapters from media file '/tv/Invincible (2021)/Season 1/Invincible.2021.S01E07.We.Need.To.Talk.1080p.AMZN.WEBRip.DDP5.1.x264-NTb[TGx].mkv' (Could not parse /tv/Invincible (2021)/Season 1/Invincible.2021.S01E07.We.Need.To.Talk.1080p.AMZN.WEBRip.DDP5.1.x264-NTb[TGx].mkv (error=-2): No such file or directory)
Feb 11, 2025 04:15:25.742 [139979352928000] DEBUG - Created chapter thumbnail for metadata item 63, media item 59 for chapter number 3:15000 at "/config/Library/Application Support/Plex Media Server/Media/localhost/8/de466b8e560024c144260b37836410467952ffb.bundle/Contents/Chapters/chapter3.jpg"
Feb 11, 2025 04:15:25.742 [139979352928000] DEBUG - [MI] Opening input file: "/tv/Invincible (2021)/Season 1/Invincible.2021.S01E07.We.Need.To.Talk.1080p.AMZN.WEBRip.DDP5.1.x264-NTb[TGx].mkv"
Feb 11, 2025 04:15:25.742 [139979352928000] DEBUG - [FFMPEG] - Opening '/tv/Invincible (2021)/Season 1/Invincible.2021.S01E07.We.Need.To.Talk.1080p.AMZN.WEBRip.DDP5.1.x264-NTb[TGx].mkv' for reading
Feb 11, 2025 04:15:25.742 [139979352928000] DEBUG - [FFMPEG] - Setting default whitelist 'file,crypto,data'
Feb 11, 2025 04:15:25.742 [139979352928000] ERROR - Exception extracting chapters from media file '/tv/Invincible (2021)/Season 1/Invincible.2021.S01E07.We.Need.To.Talk.1080p.AMZN.WEBRip.DDP5.1.x264-NTb[TGx].mkv' (Could not parse /tv/Invincible (2021)/Season 1/Invincible.2021.S01E07.We.Need.To.Talk.1080p.AMZN.WEBRip.DDP5.1.x264-NTb[TGx].mkv (error=-2): No such file or directory)
Feb 11, 2025 04:15:25.742 [139979352928000] DEBUG - Created chapter thumbnail for metadata item 63, media item 59 for chapter number 4:61000 at "/config/Library/Application Support/Plex Media Server/Media/localhost/8/de466b8e560024c144260b37836410467952ffb.bundle/Contents/Chapters/chapter4.jpg"
Feb 11, 2025 04:15:25.742 [139979352928000] DEBUG - [MI] Opening input file: "/tv/Invincible (2021)/Season 1/Invincible.2021.S01E07.We.Need.To.Talk.1080p.AMZN.WEBRip.DDP5.1.x264-NTb[TGx].mkv"
Feb 11, 2025 04:15:25.742 [139979352928000] DEBUG - [FFMPEG] - Opening '/tv/Invincible (2021)/Season 1/Invincible.2021.S01E07.We.Need.To.Talk.1080p.AMZN.WEBRip.DDP5.1.x264-NTb[TGx].mkv' for reading
Feb 11, 2025 04:15:25.742 [139979352928000] DEBUG - [FFMPEG] - Setting default whitelist 'file,crypto,data'
Feb 11, 2025 04:15:25.742 [139979352928000] ERROR - Exception extracting chapters from media file '/tv/Invincible (2021)/Season 1/Invincible.2021.S01E07.We.Need.To.Talk.1080p.AMZN.WEBRip.DDP5.1.x264-NTb[TGx].mkv' (Could not parse /tv/Invincible (2021)/Season 1/Invincible.2021.S01E07.We.Need.To.Talk.1080p.AMZN.WEBRip.DDP5.1.x264-NTb[TGx].mkv (error=-2): No such file or directory)
Feb 11, 2025 04:15:25.742 [139979352928000] DEBUG - Created chapter thumbnail for metadata item 63, media item 59 for chapter number 5:97000 at "/config/Library/Application Support/Plex Media Server/Media/localhost/8/de466b8e560024c144260b37836410467952ffb.bundle/Contents/Chapters/chapter5.jpg"
Feb 11, 2025 04:15:25.742 [139979352928000] DEBUG - [MI] Opening input file: "/tv/Invincible (2021)/Season 1/Invincible.2021.S01E07.We.Need.To.Talk.1080p.AMZN.WEBRip.DDP5.1.x264-NTb[TGx].mkv"
Feb 11, 2025 04:15:25.742 [139979352928000] DEBUG - [FFMPEG] - Opening '/tv/Invincible (2021)/Season 1/Invincible.2021.S01E07.We.Need.To.Talk.1080p.AMZN.WEBRip.DDP5.1.x264-NTb[TGx].mkv' for reading
Feb 11, 2025 04:15:25.742 [139979352928000] DEBUG - [FFMPEG] - Setting default whitelist 'file,crypto,data'
Feb 11, 2025 04:15:25.742 [139979352928000] ERROR - Exception extracting chapters from media file '/tv/Invincible (2021)/Season 1/Invincible.2021.S01E07.We.Need.To.Talk.1080p.AMZN.WEBRip.DDP5.1.x264-NTb[TGx].mkv' (Could not parse /tv/Invincible (2021)/Season 1/Invincible.2021.S01E07.We.Need.To.Talk.1080p.AMZN.WEBRip.DDP5.1.x264-NTb[TGx].mkv (error=-2): No such file or directory)
Feb 11, 2025 04:15:25.742 [139979352928000] DEBUG - Created chapter thumbnail for metadata item 63, media item 59 for chapter number 6:115000 at "/config/Library/Application Support/Plex Media Server/Media/localhost/8/de466b8e560024c144260b37836410467952ffb.bundle/Contents/Chapters/chapter6.jpg"
Feb 11, 2025 04:15:25.742 [139979352928000] DEBUG - [MI] Opening input file: "/tv/Invincible (2021)/Season 1/Invincible.2021.S01E07.We.Need.To.Talk.1080p.AMZN.WEBRip.DDP5.1.x264-NTb[TGx].mkv"
Feb 11, 2025 04:15:25.742 [139979352928000] DEBUG - [FFMPEG] - Opening '/tv/Invincible (2021)/Season 1/Invincible.2021.S01E07.We.Need.To.Talk.1080p.AMZN.WEBRip.DDP5.1.x264-NTb[TGx].mkv' for reading
Feb 11, 2025 04:15:25.742 [139979352928000] DEBUG - [FFMPEG] - Setting default whitelist 'file,crypto,data'
Feb 11, 2025 04:15:25.743 [139979352928000] ERROR - Exception extracting chapters from media file '/tv/Invincible (2021)/Season 1/Invincible.2021.S01E07.We.Need.To.Talk.1080p.AMZN.WEBRip.DDP5.1.x264-NTb[TGx].mkv' (Could not parse /tv/Invincible (2021)/Season 1/Invincible.2021.S01E07.We.Need.To.Talk.1080p.AMZN.WEBRip.DDP5.1.x264-NTb[TGx].mkv (error=-2): No such file or directory)
Feb 11, 2025 04:15:25.743 [139979352928000] DEBUG - Created chapter thumbnail for metadata item 63, media item 59 for chapter number 7:168000 at "/config/Library/Application Support/Plex Media Server/Media/localhost/8/de466b8e560024c144260b37836410467952ffb.bundle/Contents/Chapters/chapter7.jpg"
Feb 11, 2025 04:15:25.743 [139979352928000] DEBUG - [MI] Opening input file: "/tv/Invincible (2021)/Season 1/Invincible.2021.S01E07.We.Need.To.Talk.1080p.AMZN.WEBRip.DDP5.1.x264-NTb[TGx].mkv"
Feb 11, 2025 04:15:25.743 [139979352928000] DEBUG - [FFMPEG] - Opening '/tv/Invincible (2021)/Season 1/Invincible.2021.S01E07.We.Need.To.Talk.1080p.AMZN.WEBRip.DDP5.1.x264-NTb[TGx].mkv' for reading
Feb 11, 2025 04:15:25.743 [139979352928000] DEBUG - [FFMPEG] - Setting default whitelist 'file,crypto,data'
Feb 11, 2025 04:15:25.743 [139979352928000] ERROR - Exception extracting chapters from media file '/tv/Invincible (2021)/Season 1/Invincible.2021.S01E07.We.Need.To.Talk.1080p.AMZN.WEBRip.DDP5.1.x264-NTb[TGx].mkv' (Could not parse /tv/Invincible (2021)/Season 1/Invincible.2021.S01E07.We.Need.To.Talk.1080p.AMZN.WEBRip.DDP5.1.x264-NTb[TGx].mkv (error=-2): No such file or directory)
Feb 11, 2025 04:15:25.743 [139979352928000] DEBUG - Created chapter thumbnail for metadata item 63, media item 59 for chapter number 8:279000 at "/config/Library/Application Support/Plex Media Server/Media/localhost/8/de466b8e560024c144260b37836410467952ffb.bundle/Contents/Chapters/chapter8.jpg"
Feb 11, 2025 04:15:25.743 [139979352928000] DEBUG - [MI] Opening input file: "/tv/Invincible (2021)/Season 1/Invincible.2021.S01E07.We.Need.To.Talk.1080p.AMZN.WEBRip.DDP5.1.x264-NTb[TGx].mkv"
Feb 11, 2025 04:15:25.743 [139979352928000] DEBUG - [FFMPEG] - Opening '/tv/Invincible (2021)/Season 1/Invincible.2021.S01E07.We.Need.To.Talk.1080p.AMZN.WEBRip.DDP5.1.x264-NTb[TGx].mkv' for reading
Feb 11, 2025 04:15:25.743 [139979352928000] DEBUG - [FFMPEG] - Setting default whitelist 'file,crypto,data'
Feb 11, 2025 04:15:25.743 [139979352928000] ERROR - Exception extracting chapters from media file '/tv/Invincible (2021)/Season 1/Invincible.2021.S01E07.We.Need.To.Talk.1080p.AMZN.WEBRip.DDP5.1.x264-NTb[TGx].mkv' (Could not parse /tv/Invincible (2021)/Season 1/Invincible.2021.S01E07.We.Need.To.Talk.1080p.AMZN.WEBRip.DDP5.1.x264-NTb[TGx].mkv (error=-2): No such file or directory)
Feb 11, 2025 04:15:25.743 [139979352928000] DEBUG - Created chapter thumbnail for metadata item 63, media item 59 for chapter number 9:378000 at "/config/Library/Application Support/Plex Media Server/Media/localhost/8/de466b8e560024c144260b37836410467952ffb.bundle/Contents/Chapters/chapter9.jpg"
Feb 11, 2025 04:15:25.743 [139979352928000] DEBUG - [MI] Opening input file: "/tv/Invincible (2021)/Season 1/Invincible.2021.S01E07.We.Need.To.Talk.1080p.AMZN.WEBRip.DDP5.1.x264-NTb[TGx].mkv"
Feb 11, 2025 04:15:25.743 [139979352928000] DEBUG - [FFMPEG] - Opening '/tv/Invincible (2021)/Season 1/Invincible.2021.S01E07.We.Need.To.Talk.1080p.AMZN.WEBRip.DDP5.1.x264-NTb[TGx].mkv' for reading
Feb 11, 2025 04:15:25.743 [139979352928000] DEBUG - [FFMPEG] - Setting default whitelist 'file,crypto,data'
Feb 11, 2025 04:15:25.743 [139979352928000] ERROR - Exception extracting chapters from media file '/tv/Invincible (2021)/Season 1/Invincible.2021.S01E07.We.Need.To.Talk.1080p.AMZN.WEBRip.DDP5.1.x264-NTb[TGx].mkv' (Could not parse /tv/Invincible (2021)/Season 1/Invincible.2021.S01E07.We.Need.To.Talk.1080p.AMZN.WEBRip.DDP5.1.x264-NTb[TGx].mkv (error=-2): No such file or directory)
Feb 11, 2025 04:15:25.743 [139979352928000] DEBUG - Created chapter thumbnail for metadata item 63, media item 59 for chapter number 10:499000 at "/config/Library/Application Support/Plex Media Server/Media/localhost/8/de466b8e560024c144260b37836410467952ffb.bundle/Contents/Chapters/chapter10.jpg"
Feb 11, 2025 04:15:25.743 [139979352928000] DEBUG - [MI] Opening input file: "/tv/Invincible (2021)/Season 1/Invincible.2021.S01E07.We.Need.To.Talk.1080p.AMZN.WEBRip.DDP5.1.x264-NTb[TGx].mkv"
Feb 11, 2025 04:15:25.743 [139979352928000] DEBUG - [FFMPEG] - Opening '/tv/Invincible (2021)/Season 1/Invincible.2021.S01E07.We.Need.To.Talk.1080p.AMZN.WEBRip.DDP5.1.x264-NTb[TGx].mkv' for reading
Feb 11, 2025 04:15:25.743 [139979352928000] DEBUG - [FFMPEG] - Setting default whitelist 'file,crypto,data'
Feb 11, 2025 04:15:25.743 [139979352928000] ERROR - Exception extracting chapters from media file '/tv/Invincible (2021)/Season 1/Invincible.2021.S01E07.We.Need.To.Talk.1080p.AMZN.WEBRip.DDP5.1.x264-NTb[TGx].mkv' (Could not parse /tv/Invincible (2021)/Season 1/Invincible.2021.S01E07.We.Need.To.Talk.1080p.AMZN.WEBRip.DDP5.1.x264-NTb[TGx].mkv (error=-2): No such file or directory)
Feb 11, 2025 04:15:25.744 [139979352928000] DEBUG - Created chapter thumbnail for metadata item 63, media item 59 for chapter number 11:655000 at "/config/Library/Application Support/Plex Media Server/Media/localhost/8/de466b8e560024c144260b37836410467952ffb.bundle/Contents/Chapters/chapter11.jpg"
Feb 11, 2025 04:15:25.744 [139979352928000] DEBUG - [MI] Opening input file: "/tv/Invincible (2021)/Season 1/Invincible.2021.S01E07.We.Need.To.Talk.1080p.AMZN.WEBRip.DDP5.1.x264-NTb[TGx].mkv"
Feb 11, 2025 04:15:25.744 [139979352928000] DEBUG - [FFMPEG] - Opening '/tv/Invincible (2021)/Season 1/Invincible.2021.S01E07.We.Need.To.Talk.1080p.AMZN.WEBRip.DDP5.1.x264-NTb[TGx].mkv' for reading
Feb 11, 2025 04:15:25.744 [139979352928000] DEBUG - [FFMPEG] - Setting default whitelist 'file,crypto,data'
Feb 11, 2025 04:15:25.744 [139979352928000] ERROR - Exception extracting chapters from media file '/tv/Invincible (2021)/Season 1/Invincible.2021.S01E07.We.Need.To.Talk.1080p.AMZN.WEBRip.DDP5.1.x264-NTb[TGx].mkv' (Could not parse /tv/Invincible (2021)/Season 1/Invincible.2021.S01E07.We.Need.To.Talk.1080p.AMZN.WEBRip.DDP5.1.x264-NTb[TGx].mkv (error=-2): No such file or directory)
Feb 11, 2025 04:15:25.744 [139979352928000] DEBUG - Created chapter thumbnail for metadata item 63, media item 59 for chapter number 12:766000 at "/config/Library/Application Support/Plex Media Server/Media/localhost/8/de466b8e560024c144260b37836410467952ffb.bundle/Contents/Chapters/chapter12.jpg"
Feb 11, 2025 04:15:25.744 [139979352928000] DEBUG - [MI] Opening input file: "/tv/Invincible (2021)/Season 1/Invincible.2021.S01E07.We.Need.To.Talk.1080p.AMZN.WEBRip.DDP5.1.x264-NTb[TGx].mkv"
Feb 11, 2025 04:15:25.744 [139979352928000] DEBUG - [FFMPEG] - Opening '/tv/Invincible (2021)/Season 1/Invincible.2021.S01E07.We.Need.To.Talk.1080p.AMZN.WEBRip.DDP5.1.x264-NTb[TGx].mkv' for reading
Feb 11, 2025 04:15:25.744 [139979352928000] DEBUG - [FFMPEG] - Setting default whitelist 'file,crypto,data'
Feb 11, 2025 04:15:25.744 [139979352928000] ERROR - Exception extracting chapters from media file '/tv/Invincible (2021)/Season 1/Invincible.2021.S01E07.We.Need.To.Talk.1080p.AMZN.WEBRip.DDP5.1.x264-NTb[TGx].mkv' (Could not parse /tv/Invincible (2021)/Season 1/Invincible.2021.S01E07.We.Need.To.Talk.1080p.AMZN.WEBRip.DDP5.1.x264-NTb[TGx].mkv (error=-2): No such file or directory)
Feb 11, 2025 04:15:25.744 [139979352928000] DEBUG - Created chapter thumbnail for metadata item 63, media item 59 for chapter number 13:814000 at "/config/Library/Application Support/Plex Media Server/Media/localhost/8/de466b8e560024c144260b37836410467952ffb.bundle/Contents/Chapters/chapter13.jpg"
Feb 11, 2025 04:15:25.744 [139979352928000] DEBUG - [MI] Opening input file: "/tv/Invincible (2021)/Season 1/Invincible.2021.S01E07.We.Need.To.Talk.1080p.AMZN.WEBRip.DDP5.1.x264-NTb[TGx].mkv"
Feb 11, 2025 04:15:25.744 [139979352928000] DEBUG - [FFMPEG] - Opening '/tv/Invincible (2021)/Season 1/Invincible.2021.S01E07.We.Need.To.Talk.1080p.AMZN.WEBRip.DDP5.1.x264-NTb[TGx].mkv' for reading
Feb 11, 2025 04:15:25.744 [139979352928000] DEBUG - [FFMPEG] - Setting default whitelist 'file,crypto,data'
Feb 11, 2025 04:15:25.744 [139979352928000] ERROR - Exception extracting chapters from media file '/tv/Invincible (2021)/Season 1/Invincible.2021.S01E07.We.Need.To.Talk.1080p.AMZN.WEBRip.DDP5.1.x264-NTb[TGx].mkv' (Could not parse /tv/Invincible (2021)/Season 1/Invincible.2021.S01E07.We.Need.To.Talk.1080p.AMZN.WEBRip.DDP5.1.x264-NTb[TGx].mkv (error=-2): No such file or directory)
Feb 11, 2025 04:15:25.744 [139979352928000] DEBUG - Created chapter thumbnail for metadata item 63, media item 59 for chapter number 14:819000 at "/config/Library/Application Support/Plex Media Server/Media/localhost/8/de466b8e560024c144260b37836410467952ffb.bundle/Contents/Chapters/chapter14.jpg"
Feb 11, 2025 04:15:25.744 [139979352928000] DEBUG - [MI] Opening input file: "/tv/Invincible (2021)/Season 1/Invincible.2021.S01E07.We.Need.To.Talk.1080p.AMZN.WEBRip.DDP5.1.x264-NTb[TGx].mkv"
Feb 11, 2025 04:15:25.744 [139979352928000] DEBUG - [FFMPEG] - Opening '/tv/Invincible (2021)/Season 1/Invincible.2021.S01E07.We.Need.To.Talk.1080p.AMZN.WEBRip.DDP5.1.x264-NTb[TGx].mkv' for reading
Feb 11, 2025 04:15:25.744 [139979352928000] DEBUG - [FFMPEG] - Setting default whitelist 'file,crypto,data'
Feb 11, 2025 04:15:25.744 [139979352928000] ERROR - Exception extracting chapters from media file '/tv/Invincible (2021)/Season 1/Invincible.2021.S01E07.We.Need.To.Talk.1080p.AMZN.WEBRip.DDP5.1.x264-NTb[TGx].mkv' (Could not parse /tv/Invincible (2021)/Season 1/Invincible.2021.S01E07.We.Need.To.Talk.1080p.AMZN.WEBRip.DDP5.1.x264-NTb[TGx].mkv (error=-2): No such file or directory)
Feb 11, 2025 04:15:25.744 [139979352928000] DEBUG - Created chapter thumbnail for metadata item 63, media item 59 for chapter number 15:867000 at "/config/Library/Application Support/Plex Media Server/Media/localhost/8/de466b8e560024c144260b37836410467952ffb.bundle/Contents/Chapters/chapter15.jpg"
Feb 11, 2025 04:15:25.744 [139979352928000] DEBUG - [MI] Opening input file: "/tv/Invincible (2021)/Season 1/Invincible.2021.S01E07.We.Need.To.Talk.1080p.AMZN.WEBRip.DDP5.1.x264-NTb[TGx].mkv"
Feb 11, 2025 04:15:25.744 [139979352928000] DEBUG - [FFMPEG] - Opening '/tv/Invincible (2021)/Season 1/Invincible.2021.S01E07.We.Need.To.Talk.1080p.AMZN.WEBRip.DDP5.1.x264-NTb[TGx].mkv' for reading
Feb 11, 2025 04:15:25.744 [139979352928000] DEBUG - [FFMPEG] - Setting default whitelist 'file,crypto,data'
Feb 11, 2025 04:15:25.744 [139979352928000] ERROR - Exception extracting chapters from media file '/tv/Invincible (2021)/Season 1/Invincible.2021.S01E07.We.Need.To.Talk.1080p.AMZN.WEBRip.DDP5.1.x264-NTb[TGx].mkv' (Could not parse /tv/Invincible (2021)/Season 1/Invincible.2021.S01E07.We.Need.To.Talk.1080p.AMZN.WEBRip.DDP5.1.x264-NTb[TGx].mkv (error=-2): No such file or directory)
Feb 11, 2025 04:15:25.744 [139979352928000] DEBUG - Created chapter thumbnail for metadata item 63, media item 59 for chapter number 16:1288000 at "/config/Library/Application Support/Plex Media Server/Media/localhost/8/de466b8e560024c144260b37836410467952ffb.bundle/Contents/Chapters/chapter16.jpg"
Feb 11, 2025 04:15:25.745 [139979352928000] DEBUG - [MI] Opening input file: "/tv/Invincible (2021)/Season 1/Invincible.2021.S01E07.We.Need.To.Talk.1080p.AMZN.WEBRip.DDP5.1.x264-NTb[TGx].mkv"
Feb 11, 2025 04:15:25.745 [139979352928000] DEBUG - [FFMPEG] - Opening '/tv/Invincible (2021)/Season 1/Invincible.2021.S01E07.We.Need.To.Talk.1080p.AMZN.WEBRip.DDP5.1.x264-NTb[TGx].mkv' for reading
Feb 11, 2025 04:15:25.745 [139979352928000] DEBUG - [FFMPEG] - Setting default whitelist 'file,crypto,data'
Feb 11, 2025 04:15:25.745 [139979352928000] ERROR - Exception extracting chapters from media file '/tv/Invincible (2021)/Season 1/Invincible.2021.S01E07.We.Need.To.Talk.1080p.AMZN.WEBRip.DDP5.1.x264-NTb[TGx].mkv' (Could not parse /tv/Invincible (2021)/Season 1/Invincible.2021.S01E07.We.Need.To.Talk.1080p.AMZN.WEBRip.DDP5.1.x264-NTb[TGx].mkv (error=-2): No such file or directory)
Feb 11, 2025 04:15:25.745 [139979352928000] DEBUG - Created chapter thumbnail for metadata item 63, media item 59 for chapter number 17:1432000 at "/config/Library/Application Support/Plex Media Server/Media/localhost/8/de466b8e560024c144260b37836410467952ffb.bundle/Contents/Chapters/chapter17.jpg"
Feb 11, 2025 04:15:25.745 [139979352928000] DEBUG - [MI] Opening input file: "/tv/Invincible (2021)/Season 1/Invincible.2021.S01E07.We.Need.To.Talk.1080p.AMZN.WEBRip.DDP5.1.x264-NTb[TGx].mkv"
Feb 11, 2025 04:15:25.745 [139979352928000] DEBUG - [FFMPEG] - Opening '/tv/Invincible (2021)/Season 1/Invincible.2021.S01E07.We.Need.To.Talk.1080p.AMZN.WEBRip.DDP5.1.x264-NTb[TGx].mkv' for reading
Feb 11, 2025 04:15:25.745 [139979352928000] DEBUG - [FFMPEG] - Setting default whitelist 'file,crypto,data'
Feb 11, 2025 04:15:25.745 [139979352928000] ERROR - Exception extracting chapters from media file '/tv/Invincible (2021)/Season 1/Invincible.2021.S01E07.We.Need.To.Talk.1080p.AMZN.WEBRip.DDP5.1.x264-NTb[TGx].mkv' (Could not parse /tv/Invincible (2021)/Season 1/Invincible.2021.S01E07.We.Need.To.Talk.1080p.AMZN.WEBRip.DDP5.1.x264-NTb[TGx].mkv (error=-2): No such file or directory)
Feb 11, 2025 04:15:25.745 [139979352928000] DEBUG - Created chapter thumbnail for metadata item 63, media item 59 for chapter number 18:1448000 at "/config/Library/Application Support/Plex Media Server/Media/localhost/8/de466b8e560024c144260b37836410467952ffb.bundle/Contents/Chapters/chapter18.jpg"
Feb 11, 2025 04:15:25.745 [139979352928000] DEBUG - [MI] Opening input file: "/tv/Invincible (2021)/Season 1/Invincible.2021.S01E07.We.Need.To.Talk.1080p.AMZN.WEBRip.DDP5.1.x264-NTb[TGx].mkv"
Feb 11, 2025 04:15:25.745 [139979352928000] DEBUG - [FFMPEG] - Opening '/tv/Invincible (2021)/Season 1/Invincible.2021.S01E07.We.Need.To.Talk.1080p.AMZN.WEBRip.DDP5.1.x264-NTb[TGx].mkv' for reading
Feb 11, 2025 04:15:25.745 [139979352928000] DEBUG - [FFMPEG] - Setting default whitelist 'file,crypto,data'
Feb 11, 2025 04:15:25.745 [139979352928000] ERROR - Exception extracting chapters from media file '/tv/Invincible (2021)/Season 1/Invincible.2021.S01E07.We.Need.To.Talk.1080p.AMZN.WEBRip.DDP5.1.x264-NTb[TGx].mkv' (Could not parse /tv/Invincible (2021)/Season 1/Invincible.2021.S01E07.We.Need.To.Talk.1080p.AMZN.WEBRip.DDP5.1.x264-NTb[TGx].mkv (error=-2): No such file or directory)
Feb 11, 2025 04:15:25.745 [139979352928000] DEBUG - Created chapter thumbnail for metadata item 63, media item 59 for chapter number 19:1541000 at "/config/Library/Application Support/Plex Media Server/Media/localhost/8/de466b8e560024c144260b37836410467952ffb.bundle/Contents/Chapters/chapter19.jpg"
Feb 11, 2025 04:15:25.745 [139979352928000] DEBUG - [MI] Opening input file: "/tv/Invincible (2021)/Season 1/Invincible.2021.S01E07.We.Need.To.Talk.1080p.AMZN.WEBRip.DDP5.1.x264-NTb[TGx].mkv"
Feb 11, 2025 04:15:25.745 [139979352928000] DEBUG - [FFMPEG] - Opening '/tv/Invincible (2021)/Season 1/Invincible.2021.S01E07.We.Need.To.Talk.1080p.AMZN.WEBRip.DDP5.1.x264-NTb[TGx].mkv' for reading
Feb 11, 2025 04:15:25.745 [139979352928000] DEBUG - [FFMPEG] - Setting default whitelist 'file,crypto,data'
Feb 11, 2025 04:15:25.745 [139979352928000] ERROR - Exception extracting chapters from media file '/tv/Invincible (2021)/Season 1/Invincible.2021.S01E07.We.Need.To.Talk.1080p.AMZN.WEBRip.DDP5.1.x264-NTb[TGx].mkv' (Could not parse /tv/Invincible (2021)/Season 1/Invincible.2021.S01E07.We.Need.To.Talk.1080p.AMZN.WEBRip.DDP5.1.x264-NTb[TGx].mkv (error=-2): No such file or directory)
Feb 11, 2025 04:15:25.745 [139979352928000] DEBUG - Created chapter thumbnail for metadata item 63, media item 59 for chapter number 20:1608000 at "/config/Library/Application Support/Plex Media Server/Media/localhost/8/de466b8e560024c144260b37836410467952ffb.bundle/Contents/Chapters/chapter20.jpg"
